The system is: Darwin - 18.6.0 - x86_64
Compiling the CXX compiler identification source file "CMakeCXXCompilerId.cpp" succeeded.
Compiler: /Library/Developer/CommandLineTools/usr/bin/c++ 
Build flags: 
Id flags:  

The output was:
0


Compilation of the CXX compiler identification source "CMakeCXXCompilerId.cpp" produced "a.out"

The CXX compiler identification is AppleClang, found in "/Users/liyinbin/github/gottingen/abel/build/CMakeFiles/3.12.3/CompilerIdCXX/a.out"

Determining if the CXX compiler works passed with the following output:
Change Dir: /Users/liyinbin/github/gottingen/abel/build/CMakeFiles/CMakeTmp

Run Build Command:"/usr/bin/make" "cmTC_88bd9/fast"
/Library/Developer/CommandLineTools/usr/bin/make -f CMakeFiles/cmTC_88bd9.dir/build.make CMakeFiles/cmTC_88bd9.dir/build
Building CXX object CMakeFiles/cmTC_88bd9.dir/testCXXCompiler.cxx.o
/Library/Developer/CommandLineTools/usr/bin/c++    -isysroot /Library/Developer/CommandLineTools/SDKs/MacOSX10.14.sdk   -o CMakeFiles/cmTC_88bd9.dir/testCXXCompiler.cxx.o -c /Users/liyinbin/github/gottingen/abel/build/CMakeFiles/CMakeTmp/testCXXCompiler.cxx
Linking CXX executable cmTC_88bd9
/usr/local/bin/cmake -E cmake_link_script CMakeFiles/cmTC_88bd9.dir/link.txt --verbose=1
/Library/Developer/CommandLineTools/usr/bin/c++    -isysroot /Library/Developer/CommandLineTools/SDKs/MacOSX10.14.sdk -Wl,-search_paths_first -Wl,-headerpad_max_install_names   CMakeFiles/cmTC_88bd9.dir/testCXXCompiler.cxx.o  -o cmTC_88bd9 


Detecting CXX compiler ABI info compiled with the following output:
Change Dir: /Users/liyinbin/github/gottingen/abel/build/CMakeFiles/CMakeTmp

Run Build Command:"/usr/bin/make" "cmTC_029ee/fast"
/Library/Developer/CommandLineTools/usr/bin/make -f CMakeFiles/cmTC_029ee.dir/build.make CMakeFiles/cmTC_029ee.dir/build
Building CXX object CMakeFiles/cmTC_029ee.dir/CMakeCXXCompilerABI.cpp.o
/Library/Developer/CommandLineTools/usr/bin/c++    -isysroot /Library/Developer/CommandLineTools/SDKs/MacOSX10.14.sdk   -o CMakeFiles/cmTC_029ee.dir/CMakeCXXCompilerABI.cpp.o -c /usr/local/share/cmake-3.12/Modules/CMakeCXXCompilerABI.cpp
Linking CXX executable cmTC_029ee
/usr/local/bin/cmake -E cmake_link_script CMakeFiles/cmTC_029ee.dir/link.txt --verbose=1
/Library/Developer/CommandLineTools/usr/bin/c++    -isysroot /Library/Developer/CommandLineTools/SDKs/MacOSX10.14.sdk -Wl,-search_paths_first -Wl,-headerpad_max_install_names  -v -Wl,-v CMakeFiles/cmTC_029ee.dir/CMakeCXXCompilerABI.cpp.o  -o cmTC_029ee 
Apple LLVM version 10.0.1 (clang-1001.0.46.4)
Target: x86_64-apple-darwin18.6.0
Thread model: posix
InstalledDir: /Library/Developer/CommandLineTools/usr/bin
 "/Library/Developer/CommandLineTools/usr/bin/ld" -demangle -lto_library /Library/Developer/CommandLineTools/usr/lib/libLTO.dylib -dynamic -arch x86_64 -macosx_version_min 10.14.0 -syslibroot /Library/Developer/CommandLineTools/SDKs/MacOSX10.14.sdk -o cmTC_029ee -search_paths_first -headerpad_max_install_names -v CMakeFiles/cmTC_029ee.dir/CMakeCXXCompilerABI.cpp.o -lc++ -lSystem /Library/Developer/CommandLineTools/usr/lib/clang/10.0.1/lib/darwin/libclang_rt.osx.a
@(#)PROGRAM:ld  PROJECT:ld64-450.3
BUILD 18:16:53 Apr  5 2019
configured to support archs: armv6 armv7 armv7s arm64 arm64e arm64_32 i386 x86_64 x86_64h armv6m armv7k armv7m armv7em
Library search paths:
	/Library/Developer/CommandLineTools/SDKs/MacOSX10.14.sdk/usr/lib
Framework search paths:
	/Library/Developer/CommandLineTools/SDKs/MacOSX10.14.sdk/System/Library/Frameworks/


Parsed CXX implicit link information from above output:
  link line regex: [^( *|.*[/\])(ld|CMAKE_LINK_STARTFILE-NOTFOUND|([^/\]+-)?ld|collect2)[^/\]*( |$)]
  ignore line: [Change Dir: /Users/liyinbin/github/gottingen/abel/build/CMakeFiles/CMakeTmp]
  ignore line: []
  ignore line: [Run Build Command:"/usr/bin/make" "cmTC_029ee/fast"]
  ignore line: [/Library/Developer/CommandLineTools/usr/bin/make -f CMakeFiles/cmTC_029ee.dir/build.make CMakeFiles/cmTC_029ee.dir/build]
  ignore line: [Building CXX object CMakeFiles/cmTC_029ee.dir/CMakeCXXCompilerABI.cpp.o]
  ignore line: [/Library/Developer/CommandLineTools/usr/bin/c++    -isysroot /Library/Developer/CommandLineTools/SDKs/MacOSX10.14.sdk   -o CMakeFiles/cmTC_029ee.dir/CMakeCXXCompilerABI.cpp.o -c /usr/local/share/cmake-3.12/Modules/CMakeCXXCompilerABI.cpp]
  ignore line: [Linking CXX executable cmTC_029ee]
  ignore line: [/usr/local/bin/cmake -E cmake_link_script CMakeFiles/cmTC_029ee.dir/link.txt --verbose=1]
  ignore line: [/Library/Developer/CommandLineTools/usr/bin/c++    -isysroot /Library/Developer/CommandLineTools/SDKs/MacOSX10.14.sdk -Wl,-search_paths_first -Wl,-headerpad_max_install_names  -v -Wl,-v CMakeFiles/cmTC_029ee.dir/CMakeCXXCompilerABI.cpp.o  -o cmTC_029ee ]
  ignore line: [Apple LLVM version 10.0.1 (clang-1001.0.46.4)]
  ignore line: [Target: x86_64-apple-darwin18.6.0]
  ignore line: [Thread model: posix]
  ignore line: [InstalledDir: /Library/Developer/CommandLineTools/usr/bin]
  link line: [ "/Library/Developer/CommandLineTools/usr/bin/ld" -demangle -lto_library /Library/Developer/CommandLineTools/usr/lib/libLTO.dylib -dynamic -arch x86_64 -macosx_version_min 10.14.0 -syslibroot /Library/Developer/CommandLineTools/SDKs/MacOSX10.14.sdk -o cmTC_029ee -search_paths_first -headerpad_max_install_names -v CMakeFiles/cmTC_029ee.dir/CMakeCXXCompilerABI.cpp.o -lc++ -lSystem /Library/Developer/CommandLineTools/usr/lib/clang/10.0.1/lib/darwin/libclang_rt.osx.a]
    arg [/Library/Developer/CommandLineTools/usr/bin/ld] ==> ignore
    arg [-demangle] ==> ignore
    arg [-lto_library] ==> ignore, skip following value
    arg [/Library/Developer/CommandLineTools/usr/lib/libLTO.dylib] ==> skip value of -lto_library
    arg [-dynamic] ==> ignore
    arg [-arch] ==> ignore
    arg [x86_64] ==> ignore
    arg [-macosx_version_min] ==> ignore
    arg [10.14.0] ==> ignore
    arg [-syslibroot] ==> ignore
    arg [/Library/Developer/CommandLineTools/SDKs/MacOSX10.14.sdk] ==> ignore
    arg [-o] ==> ignore
    arg [cmTC_029ee] ==> ignore
    arg [-search_paths_first] ==> ignore
    arg [-headerpad_max_install_names] ==> ignore
    arg [-v] ==> ignore
    arg [CMakeFiles/cmTC_029ee.dir/CMakeCXXCompilerABI.cpp.o] ==> ignore
    arg [-lc++] ==> lib [c++]
    arg [-lSystem] ==> lib [System]
    arg [/Library/Developer/CommandLineTools/usr/lib/clang/10.0.1/lib/darwin/libclang_rt.osx.a] ==> lib [/Library/Developer/CommandLineTools/usr/lib/clang/10.0.1/lib/darwin/libclang_rt.osx.a]
  Library search paths: [;/Library/Developer/CommandLineTools/SDKs/MacOSX10.14.sdk/usr/lib]
  Framework search paths: [;/Library/Developer/CommandLineTools/SDKs/MacOSX10.14.sdk/System/Library/Frameworks/]
  remove lib [System]
  remove lib [/Library/Developer/CommandLineTools/usr/lib/clang/10.0.1/lib/darwin/libclang_rt.osx.a]
  collapse library dir [/Library/Developer/CommandLineTools/SDKs/MacOSX10.14.sdk/usr/lib] ==> [/Library/Developer/CommandLineTools/SDKs/MacOSX10.14.sdk/usr/lib]
  collapse framework dir [/Library/Developer/CommandLineTools/SDKs/MacOSX10.14.sdk/System/Library/Frameworks/] ==> [/Library/Developer/CommandLineTools/SDKs/MacOSX10.14.sdk/System/Library/Frameworks]
  implicit libs: [c++]
  implicit dirs: [/Library/Developer/CommandLineTools/SDKs/MacOSX10.14.sdk/usr/lib]
  implicit fwks: [/Library/Developer/CommandLineTools/SDKs/MacOSX10.14.sdk/System/Library/Frameworks]




Detecting CXX [-std=c++1z] compiler features compiled with the following output:
Change Dir: /Users/liyinbin/github/gottingen/abel/build/CMakeFiles/CMakeTmp

Run Build Command:"/usr/bin/make" "cmTC_7b8c1/fast"
/Library/Developer/CommandLineTools/usr/bin/make -f CMakeFiles/cmTC_7b8c1.dir/build.make CMakeFiles/cmTC_7b8c1.dir/build
Building CXX object CMakeFiles/cmTC_7b8c1.dir/feature_tests.cxx.o
/Library/Developer/CommandLineTools/usr/bin/c++    -isysroot /Library/Developer/CommandLineTools/SDKs/MacOSX10.14.sdk   -std=c++1z -o CMakeFiles/cmTC_7b8c1.dir/feature_tests.cxx.o -c /Users/liyinbin/github/gottingen/abel/build/CMakeFiles/feature_tests.cxx
Linking CXX executable cmTC_7b8c1
/usr/local/bin/cmake -E cmake_link_script CMakeFiles/cmTC_7b8c1.dir/link.txt --verbose=1
/Library/Developer/CommandLineTools/usr/bin/c++    -isysroot /Library/Developer/CommandLineTools/SDKs/MacOSX10.14.sdk -Wl,-search_paths_first -Wl,-headerpad_max_install_names   CMakeFiles/cmTC_7b8c1.dir/feature_tests.cxx.o  -o cmTC_7b8c1 


    Feature record: CXX_FEATURE:1cxx_aggregate_default_initializers
    Feature record: CXX_FEATURE:1cxx_alias_templates
    Feature record: CXX_FEATURE:1cxx_alignas
    Feature record: CXX_FEATURE:1cxx_alignof
    Feature record: CXX_FEATURE:1cxx_attributes
    Feature record: CXX_FEATURE:1cxx_attribute_deprecated
    Feature record: CXX_FEATURE:1cxx_auto_type
    Feature record: CXX_FEATURE:1cxx_binary_literals
    Feature record: CXX_FEATURE:1cxx_constexpr
    Feature record: CXX_FEATURE:1cxx_contextual_conversions
    Feature record: CXX_FEATURE:1cxx_decltype
    Feature record: CXX_FEATURE:1cxx_decltype_auto
    Feature record: CXX_FEATURE:1cxx_decltype_incomplete_return_types
    Feature record: CXX_FEATURE:1cxx_default_function_template_args
    Feature record: CXX_FEATURE:1cxx_defaulted_functions
    Feature record: CXX_FEATURE:1cxx_defaulted_move_initializers
    Feature record: CXX_FEATURE:1cxx_delegating_constructors
    Feature record: CXX_FEATURE:1cxx_deleted_functions
    Feature record: CXX_FEATURE:1cxx_digit_separators
    Feature record: CXX_FEATURE:1cxx_enum_forward_declarations
    Feature record: CXX_FEATURE:1cxx_explicit_conversions
    Feature record: CXX_FEATURE:1cxx_extended_friend_declarations
    Feature record: CXX_FEATURE:1cxx_extern_templates
    Feature record: CXX_FEATURE:1cxx_final
    Feature record: CXX_FEATURE:1cxx_func_identifier
    Feature record: CXX_FEATURE:1cxx_generalized_initializers
    Feature record: CXX_FEATURE:1cxx_generic_lambdas
    Feature record: CXX_FEATURE:1cxx_inheriting_constructors
    Feature record: CXX_FEATURE:1cxx_inline_namespaces
    Feature record: CXX_FEATURE:1cxx_lambdas
    Feature record: CXX_FEATURE:1cxx_lambda_init_captures
    Feature record: CXX_FEATURE:1cxx_local_type_template_args
    Feature record: CXX_FEATURE:1cxx_long_long_type
    Feature record: CXX_FEATURE:1cxx_noexcept
    Feature record: CXX_FEATURE:1cxx_nonstatic_member_init
    Feature record: CXX_FEATURE:1cxx_nullptr
    Feature record: CXX_FEATURE:1cxx_override
    Feature record: CXX_FEATURE:1cxx_range_for
    Feature record: CXX_FEATURE:1cxx_raw_string_literals
    Feature record: CXX_FEATURE:1cxx_reference_qualified_functions
    Feature record: CXX_FEATURE:1cxx_relaxed_constexpr
    Feature record: CXX_FEATURE:1cxx_return_type_deduction
    Feature record: CXX_FEATURE:1cxx_right_angle_brackets
    Feature record: CXX_FEATURE:1cxx_rvalue_references
    Feature record: CXX_FEATURE:1cxx_sizeof_member
    Feature record: CXX_FEATURE:1cxx_static_assert
    Feature record: CXX_FEATURE:1cxx_strong_enums
    Feature record: CXX_FEATURE:1cxx_template_template_parameters
    Feature record: CXX_FEATURE:1cxx_thread_local
    Feature record: CXX_FEATURE:1cxx_trailing_return_types
    Feature record: CXX_FEATURE:1cxx_unicode_literals
    Feature record: CXX_FEATURE:1cxx_uniform_initialization
    Feature record: CXX_FEATURE:1cxx_unrestricted_unions
    Feature record: CXX_FEATURE:1cxx_user_literals
    Feature record: CXX_FEATURE:1cxx_variable_templates
    Feature record: CXX_FEATURE:1cxx_variadic_macros
    Feature record: CXX_FEATURE:1cxx_variadic_templates


Detecting CXX [-std=c++14] compiler features compiled with the following output:
Change Dir: /Users/liyinbin/github/gottingen/abel/build/CMakeFiles/CMakeTmp

Run Build Command:"/usr/bin/make" "cmTC_170c4/fast"
/Library/Developer/CommandLineTools/usr/bin/make -f CMakeFiles/cmTC_170c4.dir/build.make CMakeFiles/cmTC_170c4.dir/build
Building CXX object CMakeFiles/cmTC_170c4.dir/feature_tests.cxx.o
/Library/Developer/CommandLineTools/usr/bin/c++    -isysroot /Library/Developer/CommandLineTools/SDKs/MacOSX10.14.sdk   -std=c++14 -o CMakeFiles/cmTC_170c4.dir/feature_tests.cxx.o -c /Users/liyinbin/github/gottingen/abel/build/CMakeFiles/feature_tests.cxx
Linking CXX executable cmTC_170c4
/usr/local/bin/cmake -E cmake_link_script CMakeFiles/cmTC_170c4.dir/link.txt --verbose=1
/Library/Developer/CommandLineTools/usr/bin/c++    -isysroot /Library/Developer/CommandLineTools/SDKs/MacOSX10.14.sdk -Wl,-search_paths_first -Wl,-headerpad_max_install_names   CMakeFiles/cmTC_170c4.dir/feature_tests.cxx.o  -o cmTC_170c4 


    Feature record: CXX_FEATURE:1cxx_aggregate_default_initializers
    Feature record: CXX_FEATURE:1cxx_alias_templates
    Feature record: CXX_FEATURE:1cxx_alignas
    Feature record: CXX_FEATURE:1cxx_alignof
    Feature record: CXX_FEATURE:1cxx_attributes
    Feature record: CXX_FEATURE:1cxx_attribute_deprecated
    Feature record: CXX_FEATURE:1cxx_auto_type
    Feature record: CXX_FEATURE:1cxx_binary_literals
    Feature record: CXX_FEATURE:1cxx_constexpr
    Feature record: CXX_FEATURE:1cxx_contextual_conversions
    Feature record: CXX_FEATURE:1cxx_decltype
    Feature record: CXX_FEATURE:1cxx_decltype_auto
    Feature record: CXX_FEATURE:1cxx_decltype_incomplete_return_types
    Feature record: CXX_FEATURE:1cxx_default_function_template_args
    Feature record: CXX_FEATURE:1cxx_defaulted_functions
    Feature record: CXX_FEATURE:1cxx_defaulted_move_initializers
    Feature record: CXX_FEATURE:1cxx_delegating_constructors
    Feature record: CXX_FEATURE:1cxx_deleted_functions
    Feature record: CXX_FEATURE:1cxx_digit_separators
    Feature record: CXX_FEATURE:1cxx_enum_forward_declarations
    Feature record: CXX_FEATURE:1cxx_explicit_conversions
    Feature record: CXX_FEATURE:1cxx_extended_friend_declarations
    Feature record: CXX_FEATURE:1cxx_extern_templates
    Feature record: CXX_FEATURE:1cxx_final
    Feature record: CXX_FEATURE:1cxx_func_identifier
    Feature record: CXX_FEATURE:1cxx_generalized_initializers
    Feature record: CXX_FEATURE:1cxx_generic_lambdas
    Feature record: CXX_FEATURE:1cxx_inheriting_constructors
    Feature record: CXX_FEATURE:1cxx_inline_namespaces
    Feature record: CXX_FEATURE:1cxx_lambdas
    Feature record: CXX_FEATURE:1cxx_lambda_init_captures
    Feature record: CXX_FEATURE:1cxx_local_type_template_args
    Feature record: CXX_FEATURE:1cxx_long_long_type
    Feature record: CXX_FEATURE:1cxx_noexcept
    Feature record: CXX_FEATURE:1cxx_nonstatic_member_init
    Feature record: CXX_FEATURE:1cxx_nullptr
    Feature record: CXX_FEATURE:1cxx_override
    Feature record: CXX_FEATURE:1cxx_range_for
    Feature record: CXX_FEATURE:1cxx_raw_string_literals
    Feature record: CXX_FEATURE:1cxx_reference_qualified_functions
    Feature record: CXX_FEATURE:1cxx_relaxed_constexpr
    Feature record: CXX_FEATURE:1cxx_return_type_deduction
    Feature record: CXX_FEATURE:1cxx_right_angle_brackets
    Feature record: CXX_FEATURE:1cxx_rvalue_references
    Feature record: CXX_FEATURE:1cxx_sizeof_member
    Feature record: CXX_FEATURE:1cxx_static_assert
    Feature record: CXX_FEATURE:1cxx_strong_enums
    Feature record: CXX_FEATURE:1cxx_template_template_parameters
    Feature record: CXX_FEATURE:1cxx_thread_local
    Feature record: CXX_FEATURE:1cxx_trailing_return_types
    Feature record: CXX_FEATURE:1cxx_unicode_literals
    Feature record: CXX_FEATURE:1cxx_uniform_initialization
    Feature record: CXX_FEATURE:1cxx_unrestricted_unions
    Feature record: CXX_FEATURE:1cxx_user_literals
    Feature record: CXX_FEATURE:1cxx_variable_templates
    Feature record: CXX_FEATURE:1cxx_variadic_macros
    Feature record: CXX_FEATURE:1cxx_variadic_templates


Detecting CXX [-std=c++11] compiler features compiled with the following output:
Change Dir: /Users/liyinbin/github/gottingen/abel/build/CMakeFiles/CMakeTmp

Run Build Command:"/usr/bin/make" "cmTC_cac41/fast"
/Library/Developer/CommandLineTools/usr/bin/make -f CMakeFiles/cmTC_cac41.dir/build.make CMakeFiles/cmTC_cac41.dir/build
Building CXX object CMakeFiles/cmTC_cac41.dir/feature_tests.cxx.o
/Library/Developer/CommandLineTools/usr/bin/c++    -isysroot /Library/Developer/CommandLineTools/SDKs/MacOSX10.14.sdk   -std=c++11 -o CMakeFiles/cmTC_cac41.dir/feature_tests.cxx.o -c /Users/liyinbin/github/gottingen/abel/build/CMakeFiles/feature_tests.cxx
Linking CXX executable cmTC_cac41
/usr/local/bin/cmake -E cmake_link_script CMakeFiles/cmTC_cac41.dir/link.txt --verbose=1
/Library/Developer/CommandLineTools/usr/bin/c++    -isysroot /Library/Developer/CommandLineTools/SDKs/MacOSX10.14.sdk -Wl,-search_paths_first -Wl,-headerpad_max_install_names   CMakeFiles/cmTC_cac41.dir/feature_tests.cxx.o  -o cmTC_cac41 


    Feature record: CXX_FEATURE:0cxx_aggregate_default_initializers
    Feature record: CXX_FEATURE:1cxx_alias_templates
    Feature record: CXX_FEATURE:1cxx_alignas
    Feature record: CXX_FEATURE:1cxx_alignof
    Feature record: CXX_FEATURE:1cxx_attributes
    Feature record: CXX_FEATURE:0cxx_attribute_deprecated
    Feature record: CXX_FEATURE:1cxx_auto_type
    Feature record: CXX_FEATURE:0cxx_binary_literals
    Feature record: CXX_FEATURE:1cxx_constexpr
    Feature record: CXX_FEATURE:0cxx_contextual_conversions
    Feature record: CXX_FEATURE:1cxx_decltype
    Feature record: CXX_FEATURE:0cxx_decltype_auto
    Feature record: CXX_FEATURE:1cxx_decltype_incomplete_return_types
    Feature record: CXX_FEATURE:1cxx_default_function_template_args
    Feature record: CXX_FEATURE:1cxx_defaulted_functions
    Feature record: CXX_FEATURE:1cxx_defaulted_move_initializers
    Feature record: CXX_FEATURE:1cxx_delegating_constructors
    Feature record: CXX_FEATURE:1cxx_deleted_functions
    Feature record: CXX_FEATURE:0cxx_digit_separators
    Feature record: CXX_FEATURE:1cxx_enum_forward_declarations
    Feature record: CXX_FEATURE:1cxx_explicit_conversions
    Feature record: CXX_FEATURE:1cxx_extended_friend_declarations
    Feature record: CXX_FEATURE:1cxx_extern_templates
    Feature record: CXX_FEATURE:1cxx_final
    Feature record: CXX_FEATURE:1cxx_func_identifier
    Feature record: CXX_FEATURE:1cxx_generalized_initializers
    Feature record: CXX_FEATURE:0cxx_generic_lambdas
    Feature record: CXX_FEATURE:1cxx_inheriting_constructors
    Feature record: CXX_FEATURE:1cxx_inline_namespaces
    Feature record: CXX_FEATURE:1cxx_lambdas
    Feature record: CXX_FEATURE:0cxx_lambda_init_captures
    Feature record: CXX_FEATURE:1cxx_local_type_template_args
    Feature record: CXX_FEATURE:1cxx_long_long_type
    Feature record: CXX_FEATURE:1cxx_noexcept
    Feature record: CXX_FEATURE:1cxx_nonstatic_member_init
    Feature record: CXX_FEATURE:1cxx_nullptr
    Feature record: CXX_FEATURE:1cxx_override
    Feature record: CXX_FEATURE:1cxx_range_for
    Feature record: CXX_FEATURE:1cxx_raw_string_literals
    Feature record: CXX_FEATURE:1cxx_reference_qualified_functions
    Feature record: CXX_FEATURE:0cxx_relaxed_constexpr
    Feature record: CXX_FEATURE:0cxx_return_type_deduction
    Feature record: CXX_FEATURE:1cxx_right_angle_brackets
    Feature record: CXX_FEATURE:1cxx_rvalue_references
    Feature record: CXX_FEATURE:1cxx_sizeof_member
    Feature record: CXX_FEATURE:1cxx_static_assert
    Feature record: CXX_FEATURE:1cxx_strong_enums
    Feature record: CXX_FEATURE:1cxx_template_template_parameters
    Feature record: CXX_FEATURE:1cxx_thread_local
    Feature record: CXX_FEATURE:1cxx_trailing_return_types
    Feature record: CXX_FEATURE:1cxx_unicode_literals
    Feature record: CXX_FEATURE:1cxx_uniform_initialization
    Feature record: CXX_FEATURE:1cxx_unrestricted_unions
    Feature record: CXX_FEATURE:1cxx_user_literals
    Feature record: CXX_FEATURE:0cxx_variable_templates
    Feature record: CXX_FEATURE:1cxx_variadic_macros
    Feature record: CXX_FEATURE:1cxx_variadic_templates


Detecting CXX [-std=c++98] compiler features compiled with the following output:
Change Dir: /Users/liyinbin/github/gottingen/abel/build/CMakeFiles/CMakeTmp

Run Build Command:"/usr/bin/make" "cmTC_28963/fast"
/Library/Developer/CommandLineTools/usr/bin/make -f CMakeFiles/cmTC_28963.dir/build.make CMakeFiles/cmTC_28963.dir/build
Building CXX object CMakeFiles/cmTC_28963.dir/feature_tests.cxx.o
/Library/Developer/CommandLineTools/usr/bin/c++    -isysroot /Library/Developer/CommandLineTools/SDKs/MacOSX10.14.sdk   -std=c++98 -o CMakeFiles/cmTC_28963.dir/feature_tests.cxx.o -c /Users/liyinbin/github/gottingen/abel/build/CMakeFiles/feature_tests.cxx
Linking CXX executable cmTC_28963
/usr/local/bin/cmake -E cmake_link_script CMakeFiles/cmTC_28963.dir/link.txt --verbose=1
/Library/Developer/CommandLineTools/usr/bin/c++    -isysroot /Library/Developer/CommandLineTools/SDKs/MacOSX10.14.sdk -Wl,-search_paths_first -Wl,-headerpad_max_install_names   CMakeFiles/cmTC_28963.dir/feature_tests.cxx.o  -o cmTC_28963 


    Feature record: CXX_FEATURE:0cxx_aggregate_default_initializers
    Feature record: CXX_FEATURE:0cxx_alias_templates
    Feature record: CXX_FEATURE:0cxx_alignas
    Feature record: CXX_FEATURE:0cxx_alignof
    Feature record: CXX_FEATURE:0cxx_attributes
    Feature record: CXX_FEATURE:0cxx_attribute_deprecated
    Feature record: CXX_FEATURE:0cxx_auto_type
    Feature record: CXX_FEATURE:0cxx_binary_literals
    Feature record: CXX_FEATURE:0cxx_constexpr
    Feature record: CXX_FEATURE:0cxx_contextual_conversions
    Feature record: CXX_FEATURE:0cxx_decltype
    Feature record: CXX_FEATURE:0cxx_decltype_auto
    Feature record: CXX_FEATURE:0cxx_decltype_incomplete_return_types
    Feature record: CXX_FEATURE:0cxx_default_function_template_args
    Feature record: CXX_FEATURE:0cxx_defaulted_functions
    Feature record: CXX_FEATURE:0cxx_defaulted_move_initializers
    Feature record: CXX_FEATURE:0cxx_delegating_constructors
    Feature record: CXX_FEATURE:0cxx_deleted_functions
    Feature record: CXX_FEATURE:0cxx_digit_separators
    Feature record: CXX_FEATURE:0cxx_enum_forward_declarations
    Feature record: CXX_FEATURE:0cxx_explicit_conversions
    Feature record: CXX_FEATURE:0cxx_extended_friend_declarations
    Feature record: CXX_FEATURE:0cxx_extern_templates
    Feature record: CXX_FEATURE:0cxx_final
    Feature record: CXX_FEATURE:0cxx_func_identifier
    Feature record: CXX_FEATURE:0cxx_generalized_initializers
    Feature record: CXX_FEATURE:0cxx_generic_lambdas
    Feature record: CXX_FEATURE:0cxx_inheriting_constructors
    Feature record: CXX_FEATURE:0cxx_inline_namespaces
    Feature record: CXX_FEATURE:0cxx_lambdas
    Feature record: CXX_FEATURE:0cxx_lambda_init_captures
    Feature record: CXX_FEATURE:0cxx_local_type_template_args
    Feature record: CXX_FEATURE:0cxx_long_long_type
    Feature record: CXX_FEATURE:0cxx_noexcept
    Feature record: CXX_FEATURE:0cxx_nonstatic_member_init
    Feature record: CXX_FEATURE:0cxx_nullptr
    Feature record: CXX_FEATURE:0cxx_override
    Feature record: CXX_FEATURE:0cxx_range_for
    Feature record: CXX_FEATURE:0cxx_raw_string_literals
    Feature record: CXX_FEATURE:0cxx_reference_qualified_functions
    Feature record: CXX_FEATURE:0cxx_relaxed_constexpr
    Feature record: CXX_FEATURE:0cxx_return_type_deduction
    Feature record: CXX_FEATURE:0cxx_right_angle_brackets
    Feature record: CXX_FEATURE:0cxx_rvalue_references
    Feature record: CXX_FEATURE:0cxx_sizeof_member
    Feature record: CXX_FEATURE:0cxx_static_assert
    Feature record: CXX_FEATURE:0cxx_strong_enums
    Feature record: CXX_FEATURE:1cxx_template_template_parameters
    Feature record: CXX_FEATURE:0cxx_thread_local
    Feature record: CXX_FEATURE:0cxx_trailing_return_types
    Feature record: CXX_FEATURE:0cxx_unicode_literals
    Feature record: CXX_FEATURE:0cxx_uniform_initialization
    Feature record: CXX_FEATURE:0cxx_unrestricted_unions
    Feature record: CXX_FEATURE:0cxx_user_literals
    Feature record: CXX_FEATURE:0cxx_variable_templates
    Feature record: CXX_FEATURE:0cxx_variadic_macros
    Feature record: CXX_FEATURE:0cxx_variadic_templates
Performing C++ SOURCE FILE Test COMPILER_SUPPORTS_CXX11 succeeded with the following output:
Change Dir: /Users/liyinbin/github/gottingen/abel/build/CMakeFiles/CMakeTmp

Run Build Command:"/usr/bin/make" "cmTC_1aeed/fast"
/Library/Developer/CommandLineTools/usr/bin/make -f CMakeFiles/cmTC_1aeed.dir/build.make CMakeFiles/cmTC_1aeed.dir/build
Building CXX object CMakeFiles/cmTC_1aeed.dir/src.cxx.o
/Library/Developer/CommandLineTools/usr/bin/c++    -DCOMPILER_SUPPORTS_CXX11 -isysroot /Library/Developer/CommandLineTools/SDKs/MacOSX10.14.sdk   -std=c++11 -o CMakeFiles/cmTC_1aeed.dir/src.cxx.o -c /Users/liyinbin/github/gottingen/abel/build/CMakeFiles/CMakeTmp/src.cxx
Linking CXX executable cmTC_1aeed
/usr/local/bin/cmake -E cmake_link_script CMakeFiles/cmTC_1aeed.dir/link.txt --verbose=1
/Library/Developer/CommandLineTools/usr/bin/c++   -DCOMPILER_SUPPORTS_CXX11 -isysroot /Library/Developer/CommandLineTools/SDKs/MacOSX10.14.sdk -Wl,-search_paths_first -Wl,-headerpad_max_install_names   CMakeFiles/cmTC_1aeed.dir/src.cxx.o  -o cmTC_1aeed 

Source file was:
int main() { return 0; }
Performing C++ SOURCE FILE Test HAVE_CXX_FLAG_STD_CXX11 succeeded with the following output:
Change Dir: /Users/liyinbin/github/gottingen/abel/build/CMakeFiles/CMakeTmp

Run Build Command:"/usr/bin/make" "cmTC_c4910/fast"
/Library/Developer/CommandLineTools/usr/bin/make -f CMakeFiles/cmTC_c4910.dir/build.make CMakeFiles/cmTC_c4910.dir/build
Building CXX object CMakeFiles/cmTC_c4910.dir/src.cxx.o
/Library/Developer/CommandLineTools/usr/bin/c++    -W3 -Wno-c++98-compat-pedantic -Wno-conversion -Wno-covered-switch-default -Wno-deprecated -Wno-deprecated-declarations -Wno-disabled-macro-expansion -Wno-double-promotion -Wno-comma -Wno-extra-semi -Wno-extra-semi-stmt -Wno-packed -Wno-padded -Wno-sign-compare -Wno-float-conversion -Wno-float-equal -Wno-format-nonliteral -Wno-gcc-compat -Wno-global-constructors -Wno-exit-time-destructors -Wno-non-modular-include-in-module -Wno-old-style-cast -Wno-range-loop-analysis -Wno-reserved-id-macro -Wno-shorten-64-to-32 -Wno-switch-enum -Wno-thread-safety-negative -Wno-unknown-warning-option -Wno-unreachable-code -Wno-unused-macros -Wno-weak-vtables -Wno-zero-as-null-pointer-constant -Wbitfield-enum-conversion -Wbool-conversion -Wconstant-conversion -Wenum-conversion -Wint-conversion -Wliteral-conversion -Wnon-literal-null-conversion -Wnull-conversion -Wobjc-literal-conversion -Wno-sign-conversion -Wstring-conversion -DNOMINMAX -DWIN32_LEAN_AND_MEAN -D_CRT_SECURE_NO_WARNINGS -D_SCL_SECURE_NO_WARNINGS -D_ENABLE_EXTENDED_ALIGNED_STORAGE -std=c++11 -stdlib=libc++ -DHAVE_CXX_FLAG_STD_CXX11  -std=c++11 -isysroot /Library/Developer/CommandLineTools/SDKs/MacOSX10.14.sdk   -std=c++11 -o CMakeFiles/cmTC_c4910.dir/src.cxx.o -c /Users/liyinbin/github/gottingen/abel/build/CMakeFiles/CMakeTmp/src.cxx
Linking CXX executable cmTC_c4910
/usr/local/bin/cmake -E cmake_link_script CMakeFiles/cmTC_c4910.dir/link.txt --verbose=1
/Library/Developer/CommandLineTools/usr/bin/c++  -W3 -Wno-c++98-compat-pedantic -Wno-conversion -Wno-covered-switch-default -Wno-deprecated -Wno-deprecated-declarations -Wno-disabled-macro-expansion -Wno-double-promotion -Wno-comma -Wno-extra-semi -Wno-extra-semi-stmt -Wno-packed -Wno-padded -Wno-sign-compare -Wno-float-conversion -Wno-float-equal -Wno-format-nonliteral -Wno-gcc-compat -Wno-global-constructors -Wno-exit-time-destructors -Wno-non-modular-include-in-module -Wno-old-style-cast -Wno-range-loop-analysis -Wno-reserved-id-macro -Wno-shorten-64-to-32 -Wno-switch-enum -Wno-thread-safety-negative -Wno-unknown-warning-option -Wno-unreachable-code -Wno-unused-macros -Wno-weak-vtables -Wno-zero-as-null-pointer-constant -Wbitfield-enum-conversion -Wbool-conversion -Wconstant-conversion -Wenum-conversion -Wint-conversion -Wliteral-conversion -Wnon-literal-null-conversion -Wnull-conversion -Wobjc-literal-conversion -Wno-sign-conversion -Wstring-conversion -DNOMINMAX -DWIN32_LEAN_AND_MEAN -D_CRT_SECURE_NO_WARNINGS -D_SCL_SECURE_NO_WARNINGS -D_ENABLE_EXTENDED_ALIGNED_STORAGE -std=c++11 -stdlib=libc++ -DHAVE_CXX_FLAG_STD_CXX11  -std=c++11 -isysroot /Library/Developer/CommandLineTools/SDKs/MacOSX10.14.sdk -Wl,-search_paths_first -Wl,-headerpad_max_install_names   CMakeFiles/cmTC_c4910.dir/src.cxx.o  -o cmTC_c4910 

Source file was:
int main() { return 0; }
Performing C++ SOURCE FILE Test HAVE_CXX_FLAG_WALL succeeded with the following output:
Change Dir: /Users/liyinbin/github/gottingen/abel/build/CMakeFiles/CMakeTmp

Run Build Command:"/usr/bin/make" "cmTC_dcc7c/fast"
/Library/Developer/CommandLineTools/usr/bin/make -f CMakeFiles/cmTC_dcc7c.dir/build.make CMakeFiles/cmTC_dcc7c.dir/build
Building CXX object CMakeFiles/cmTC_dcc7c.dir/src.cxx.o
/Library/Developer/CommandLineTools/usr/bin/c++    -W3 -Wno-c++98-compat-pedantic -Wno-conversion -Wno-covered-switch-default -Wno-deprecated -Wno-deprecated-declarations -Wno-disabled-macro-expansion -Wno-double-promotion -Wno-comma -Wno-extra-semi -Wno-extra-semi-stmt -Wno-packed -Wno-padded -Wno-sign-compare -Wno-float-conversion -Wno-float-equal -Wno-format-nonliteral -Wno-gcc-compat -Wno-global-constructors -Wno-exit-time-destructors -Wno-non-modular-include-in-module -Wno-old-style-cast -Wno-range-loop-analysis -Wno-reserved-id-macro -Wno-shorten-64-to-32 -Wno-switch-enum -Wno-thread-safety-negative -Wno-unknown-warning-option -Wno-unreachable-code -Wno-unused-macros -Wno-weak-vtables -Wno-zero-as-null-pointer-constant -Wbitfield-enum-conversion -Wbool-conversion -Wconstant-conversion -Wenum-conversion -Wint-conversion -Wliteral-conversion -Wnon-literal-null-conversion -Wnull-conversion -Wobjc-literal-conversion -Wno-sign-conversion -Wstring-conversion -DNOMINMAX -DWIN32_LEAN_AND_MEAN -D_CRT_SECURE_NO_WARNINGS -D_SCL_SECURE_NO_WARNINGS -D_ENABLE_EXTENDED_ALIGNED_STORAGE -std=c++11 -stdlib=libc++  -std=c++11 -DHAVE_CXX_FLAG_WALL  -Wall -isysroot /Library/Developer/CommandLineTools/SDKs/MacOSX10.14.sdk   -Wall -o CMakeFiles/cmTC_dcc7c.dir/src.cxx.o -c /Users/liyinbin/github/gottingen/abel/build/CMakeFiles/CMakeTmp/src.cxx
Linking CXX executable cmTC_dcc7c
/usr/local/bin/cmake -E cmake_link_script CMakeFiles/cmTC_dcc7c.dir/link.txt --verbose=1
/Library/Developer/CommandLineTools/usr/bin/c++  -W3 -Wno-c++98-compat-pedantic -Wno-conversion -Wno-covered-switch-default -Wno-deprecated -Wno-deprecated-declarations -Wno-disabled-macro-expansion -Wno-double-promotion -Wno-comma -Wno-extra-semi -Wno-extra-semi-stmt -Wno-packed -Wno-padded -Wno-sign-compare -Wno-float-conversion -Wno-float-equal -Wno-format-nonliteral -Wno-gcc-compat -Wno-global-constructors -Wno-exit-time-destructors -Wno-non-modular-include-in-module -Wno-old-style-cast -Wno-range-loop-analysis -Wno-reserved-id-macro -Wno-shorten-64-to-32 -Wno-switch-enum -Wno-thread-safety-negative -Wno-unknown-warning-option -Wno-unreachable-code -Wno-unused-macros -Wno-weak-vtables -Wno-zero-as-null-pointer-constant -Wbitfield-enum-conversion -Wbool-conversion -Wconstant-conversion -Wenum-conversion -Wint-conversion -Wliteral-conversion -Wnon-literal-null-conversion -Wnull-conversion -Wobjc-literal-conversion -Wno-sign-conversion -Wstring-conversion -DNOMINMAX -DWIN32_LEAN_AND_MEAN -D_CRT_SECURE_NO_WARNINGS -D_SCL_SECURE_NO_WARNINGS -D_ENABLE_EXTENDED_ALIGNED_STORAGE -std=c++11 -stdlib=libc++  -std=c++11 -DHAVE_CXX_FLAG_WALL  -Wall -isysroot /Library/Developer/CommandLineTools/SDKs/MacOSX10.14.sdk -Wl,-search_paths_first -Wl,-headerpad_max_install_names   CMakeFiles/cmTC_dcc7c.dir/src.cxx.o  -o cmTC_dcc7c 

Source file was:
int main() { return 0; }
Performing C++ SOURCE FILE Test HAVE_CXX_FLAG_WEXTRA succeeded with the following output:
Change Dir: /Users/liyinbin/github/gottingen/abel/build/CMakeFiles/CMakeTmp

Run Build Command:"/usr/bin/make" "cmTC_81e73/fast"
/Library/Developer/CommandLineTools/usr/bin/make -f CMakeFiles/cmTC_81e73.dir/build.make CMakeFiles/cmTC_81e73.dir/build
Building CXX object CMakeFiles/cmTC_81e73.dir/src.cxx.o
/Library/Developer/CommandLineTools/usr/bin/c++    -W3 -Wno-c++98-compat-pedantic -Wno-conversion -Wno-covered-switch-default -Wno-deprecated -Wno-deprecated-declarations -Wno-disabled-macro-expansion -Wno-double-promotion -Wno-comma -Wno-extra-semi -Wno-extra-semi-stmt -Wno-packed -Wno-padded -Wno-sign-compare -Wno-float-conversion -Wno-float-equal -Wno-format-nonliteral -Wno-gcc-compat -Wno-global-constructors -Wno-exit-time-destructors -Wno-non-modular-include-in-module -Wno-old-style-cast -Wno-range-loop-analysis -Wno-reserved-id-macro -Wno-shorten-64-to-32 -Wno-switch-enum -Wno-thread-safety-negative -Wno-unknown-warning-option -Wno-unreachable-code -Wno-unused-macros -Wno-weak-vtables -Wno-zero-as-null-pointer-constant -Wbitfield-enum-conversion -Wbool-conversion -Wconstant-conversion -Wenum-conversion -Wint-conversion -Wliteral-conversion -Wnon-literal-null-conversion -Wnull-conversion -Wobjc-literal-conversion -Wno-sign-conversion -Wstring-conversion -DNOMINMAX -DWIN32_LEAN_AND_MEAN -D_CRT_SECURE_NO_WARNINGS -D_SCL_SECURE_NO_WARNINGS -D_ENABLE_EXTENDED_ALIGNED_STORAGE -std=c++11 -stdlib=libc++  -std=c++11  -Wall -DHAVE_CXX_FLAG_WEXTRA  -Wextra -isysroot /Library/Developer/CommandLineTools/SDKs/MacOSX10.14.sdk   -Wextra -o CMakeFiles/cmTC_81e73.dir/src.cxx.o -c /Users/liyinbin/github/gottingen/abel/build/CMakeFiles/CMakeTmp/src.cxx
Linking CXX executable cmTC_81e73
/usr/local/bin/cmake -E cmake_link_script CMakeFiles/cmTC_81e73.dir/link.txt --verbose=1
/Library/Developer/CommandLineTools/usr/bin/c++  -W3 -Wno-c++98-compat-pedantic -Wno-conversion -Wno-covered-switch-default -Wno-deprecated -Wno-deprecated-declarations -Wno-disabled-macro-expansion -Wno-double-promotion -Wno-comma -Wno-extra-semi -Wno-extra-semi-stmt -Wno-packed -Wno-padded -Wno-sign-compare -Wno-float-conversion -Wno-float-equal -Wno-format-nonliteral -Wno-gcc-compat -Wno-global-constructors -Wno-exit-time-destructors -Wno-non-modular-include-in-module -Wno-old-style-cast -Wno-range-loop-analysis -Wno-reserved-id-macro -Wno-shorten-64-to-32 -Wno-switch-enum -Wno-thread-safety-negative -Wno-unknown-warning-option -Wno-unreachable-code -Wno-unused-macros -Wno-weak-vtables -Wno-zero-as-null-pointer-constant -Wbitfield-enum-conversion -Wbool-conversion -Wconstant-conversion -Wenum-conversion -Wint-conversion -Wliteral-conversion -Wnon-literal-null-conversion -Wnull-conversion -Wobjc-literal-conversion -Wno-sign-conversion -Wstring-conversion -DNOMINMAX -DWIN32_LEAN_AND_MEAN -D_CRT_SECURE_NO_WARNINGS -D_SCL_SECURE_NO_WARNINGS -D_ENABLE_EXTENDED_ALIGNED_STORAGE -std=c++11 -stdlib=libc++  -std=c++11  -Wall -DHAVE_CXX_FLAG_WEXTRA  -Wextra -isysroot /Library/Developer/CommandLineTools/SDKs/MacOSX10.14.sdk -Wl,-search_paths_first -Wl,-headerpad_max_install_names   CMakeFiles/cmTC_81e73.dir/src.cxx.o  -o cmTC_81e73 

Source file was:
int main() { return 0; }
Performing C++ SOURCE FILE Test HAVE_CXX_FLAG_WSHADOW succeeded with the following output:
Change Dir: /Users/liyinbin/github/gottingen/abel/build/CMakeFiles/CMakeTmp

Run Build Command:"/usr/bin/make" "cmTC_282b0/fast"
/Library/Developer/CommandLineTools/usr/bin/make -f CMakeFiles/cmTC_282b0.dir/build.make CMakeFiles/cmTC_282b0.dir/build
Building CXX object CMakeFiles/cmTC_282b0.dir/src.cxx.o
/Library/Developer/CommandLineTools/usr/bin/c++    -W3 -Wno-c++98-compat-pedantic -Wno-conversion -Wno-covered-switch-default -Wno-deprecated -Wno-deprecated-declarations -Wno-disabled-macro-expansion -Wno-double-promotion -Wno-comma -Wno-extra-semi -Wno-extra-semi-stmt -Wno-packed -Wno-padded -Wno-sign-compare -Wno-float-conversion -Wno-float-equal -Wno-format-nonliteral -Wno-gcc-compat -Wno-global-constructors -Wno-exit-time-destructors -Wno-non-modular-include-in-module -Wno-old-style-cast -Wno-range-loop-analysis -Wno-reserved-id-macro -Wno-shorten-64-to-32 -Wno-switch-enum -Wno-thread-safety-negative -Wno-unknown-warning-option -Wno-unreachable-code -Wno-unused-macros -Wno-weak-vtables -Wno-zero-as-null-pointer-constant -Wbitfield-enum-conversion -Wbool-conversion -Wconstant-conversion -Wenum-conversion -Wint-conversion -Wliteral-conversion -Wnon-literal-null-conversion -Wnull-conversion -Wobjc-literal-conversion -Wno-sign-conversion -Wstring-conversion -DNOMINMAX -DWIN32_LEAN_AND_MEAN -D_CRT_SECURE_NO_WARNINGS -D_SCL_SECURE_NO_WARNINGS -D_ENABLE_EXTENDED_ALIGNED_STORAGE -std=c++11 -stdlib=libc++  -std=c++11  -Wall  -Wextra -DHAVE_CXX_FLAG_WSHADOW  -Wshadow -isysroot /Library/Developer/CommandLineTools/SDKs/MacOSX10.14.sdk   -Wshadow -o CMakeFiles/cmTC_282b0.dir/src.cxx.o -c /Users/liyinbin/github/gottingen/abel/build/CMakeFiles/CMakeTmp/src.cxx
Linking CXX executable cmTC_282b0
/usr/local/bin/cmake -E cmake_link_script CMakeFiles/cmTC_282b0.dir/link.txt --verbose=1
/Library/Developer/CommandLineTools/usr/bin/c++  -W3 -Wno-c++98-compat-pedantic -Wno-conversion -Wno-covered-switch-default -Wno-deprecated -Wno-deprecated-declarations -Wno-disabled-macro-expansion -Wno-double-promotion -Wno-comma -Wno-extra-semi -Wno-extra-semi-stmt -Wno-packed -Wno-padded -Wno-sign-compare -Wno-float-conversion -Wno-float-equal -Wno-format-nonliteral -Wno-gcc-compat -Wno-global-constructors -Wno-exit-time-destructors -Wno-non-modular-include-in-module -Wno-old-style-cast -Wno-range-loop-analysis -Wno-reserved-id-macro -Wno-shorten-64-to-32 -Wno-switch-enum -Wno-thread-safety-negative -Wno-unknown-warning-option -Wno-unreachable-code -Wno-unused-macros -Wno-weak-vtables -Wno-zero-as-null-pointer-constant -Wbitfield-enum-conversion -Wbool-conversion -Wconstant-conversion -Wenum-conversion -Wint-conversion -Wliteral-conversion -Wnon-literal-null-conversion -Wnull-conversion -Wobjc-literal-conversion -Wno-sign-conversion -Wstring-conversion -DNOMINMAX -DWIN32_LEAN_AND_MEAN -D_CRT_SECURE_NO_WARNINGS -D_SCL_SECURE_NO_WARNINGS -D_ENABLE_EXTENDED_ALIGNED_STORAGE -std=c++11 -stdlib=libc++  -std=c++11  -Wall  -Wextra -DHAVE_CXX_FLAG_WSHADOW  -Wshadow -isysroot /Library/Developer/CommandLineTools/SDKs/MacOSX10.14.sdk -Wl,-search_paths_first -Wl,-headerpad_max_install_names   CMakeFiles/cmTC_282b0.dir/src.cxx.o  -o cmTC_282b0 

Source file was:
int main() { return 0; }
Performing C++ SOURCE FILE Test HAVE_CXX_FLAG_WERROR succeeded with the following output:
Change Dir: /Users/liyinbin/github/gottingen/abel/build/CMakeFiles/CMakeTmp

Run Build Command:"/usr/bin/make" "cmTC_47d87/fast"
/Library/Developer/CommandLineTools/usr/bin/make -f CMakeFiles/cmTC_47d87.dir/build.make CMakeFiles/cmTC_47d87.dir/build
Building CXX object CMakeFiles/cmTC_47d87.dir/src.cxx.o
/Library/Developer/CommandLineTools/usr/bin/c++    -W3 -Wno-c++98-compat-pedantic -Wno-conversion -Wno-covered-switch-default -Wno-deprecated -Wno-deprecated-declarations -Wno-disabled-macro-expansion -Wno-double-promotion -Wno-comma -Wno-extra-semi -Wno-extra-semi-stmt -Wno-packed -Wno-padded -Wno-sign-compare -Wno-float-conversion -Wno-float-equal -Wno-format-nonliteral -Wno-gcc-compat -Wno-global-constructors -Wno-exit-time-destructors -Wno-non-modular-include-in-module -Wno-old-style-cast -Wno-range-loop-analysis -Wno-reserved-id-macro -Wno-shorten-64-to-32 -Wno-switch-enum -Wno-thread-safety-negative -Wno-unknown-warning-option -Wno-unreachable-code -Wno-unused-macros -Wno-weak-vtables -Wno-zero-as-null-pointer-constant -Wbitfield-enum-conversion -Wbool-conversion -Wconstant-conversion -Wenum-conversion -Wint-conversion -Wliteral-conversion -Wnon-literal-null-conversion -Wnull-conversion -Wobjc-literal-conversion -Wno-sign-conversion -Wstring-conversion -DNOMINMAX -DWIN32_LEAN_AND_MEAN -D_CRT_SECURE_NO_WARNINGS -D_SCL_SECURE_NO_WARNINGS -D_ENABLE_EXTENDED_ALIGNED_STORAGE -std=c++11 -stdlib=libc++  -std=c++11  -Wall  -Wextra  -Wshadow -DHAVE_CXX_FLAG_WERROR  -Werror -isysroot /Library/Developer/CommandLineTools/SDKs/MacOSX10.14.sdk   -Werror -o CMakeFiles/cmTC_47d87.dir/src.cxx.o -c /Users/liyinbin/github/gottingen/abel/build/CMakeFiles/CMakeTmp/src.cxx
Linking CXX executable cmTC_47d87
/usr/local/bin/cmake -E cmake_link_script CMakeFiles/cmTC_47d87.dir/link.txt --verbose=1
/Library/Developer/CommandLineTools/usr/bin/c++  -W3 -Wno-c++98-compat-pedantic -Wno-conversion -Wno-covered-switch-default -Wno-deprecated -Wno-deprecated-declarations -Wno-disabled-macro-expansion -Wno-double-promotion -Wno-comma -Wno-extra-semi -Wno-extra-semi-stmt -Wno-packed -Wno-padded -Wno-sign-compare -Wno-float-conversion -Wno-float-equal -Wno-format-nonliteral -Wno-gcc-compat -Wno-global-constructors -Wno-exit-time-destructors -Wno-non-modular-include-in-module -Wno-old-style-cast -Wno-range-loop-analysis -Wno-reserved-id-macro -Wno-shorten-64-to-32 -Wno-switch-enum -Wno-thread-safety-negative -Wno-unknown-warning-option -Wno-unreachable-code -Wno-unused-macros -Wno-weak-vtables -Wno-zero-as-null-pointer-constant -Wbitfield-enum-conversion -Wbool-conversion -Wconstant-conversion -Wenum-conversion -Wint-conversion -Wliteral-conversion -Wnon-literal-null-conversion -Wnull-conversion -Wobjc-literal-conversion -Wno-sign-conversion -Wstring-conversion -DNOMINMAX -DWIN32_LEAN_AND_MEAN -D_CRT_SECURE_NO_WARNINGS -D_SCL_SECURE_NO_WARNINGS -D_ENABLE_EXTENDED_ALIGNED_STORAGE -std=c++11 -stdlib=libc++  -std=c++11  -Wall  -Wextra  -Wshadow -DHAVE_CXX_FLAG_WERROR  -Werror -isysroot /Library/Developer/CommandLineTools/SDKs/MacOSX10.14.sdk -Wl,-search_paths_first -Wl,-headerpad_max_install_names   CMakeFiles/cmTC_47d87.dir/src.cxx.o  -o cmTC_47d87 

Source file was:
int main() { return 0; }
Performing C++ SOURCE FILE Test HAVE_CXX_FLAG_PEDANTIC succeeded with the following output:
Change Dir: /Users/liyinbin/github/gottingen/abel/build/CMakeFiles/CMakeTmp

Run Build Command:"/usr/bin/make" "cmTC_5806c/fast"
/Library/Developer/CommandLineTools/usr/bin/make -f CMakeFiles/cmTC_5806c.dir/build.make CMakeFiles/cmTC_5806c.dir/build
Building CXX object CMakeFiles/cmTC_5806c.dir/src.cxx.o
/Library/Developer/CommandLineTools/usr/bin/c++    -W3 -Wno-c++98-compat-pedantic -Wno-conversion -Wno-covered-switch-default -Wno-deprecated -Wno-deprecated-declarations -Wno-disabled-macro-expansion -Wno-double-promotion -Wno-comma -Wno-extra-semi -Wno-extra-semi-stmt -Wno-packed -Wno-padded -Wno-sign-compare -Wno-float-conversion -Wno-float-equal -Wno-format-nonliteral -Wno-gcc-compat -Wno-global-constructors -Wno-exit-time-destructors -Wno-non-modular-include-in-module -Wno-old-style-cast -Wno-range-loop-analysis -Wno-reserved-id-macro -Wno-shorten-64-to-32 -Wno-switch-enum -Wno-thread-safety-negative -Wno-unknown-warning-option -Wno-unreachable-code -Wno-unused-macros -Wno-weak-vtables -Wno-zero-as-null-pointer-constant -Wbitfield-enum-conversion -Wbool-conversion -Wconstant-conversion -Wenum-conversion -Wint-conversion -Wliteral-conversion -Wnon-literal-null-conversion -Wnull-conversion -Wobjc-literal-conversion -Wno-sign-conversion -Wstring-conversion -DNOMINMAX -DWIN32_LEAN_AND_MEAN -D_CRT_SECURE_NO_WARNINGS -D_SCL_SECURE_NO_WARNINGS -D_ENABLE_EXTENDED_ALIGNED_STORAGE -std=c++11 -stdlib=libc++  -std=c++11  -Wall  -Wextra  -Wshadow -DHAVE_CXX_FLAG_PEDANTIC  -pedantic -isysroot /Library/Developer/CommandLineTools/SDKs/MacOSX10.14.sdk   -pedantic -o CMakeFiles/cmTC_5806c.dir/src.cxx.o -c /Users/liyinbin/github/gottingen/abel/build/CMakeFiles/CMakeTmp/src.cxx
Linking CXX executable cmTC_5806c
/usr/local/bin/cmake -E cmake_link_script CMakeFiles/cmTC_5806c.dir/link.txt --verbose=1
/Library/Developer/CommandLineTools/usr/bin/c++  -W3 -Wno-c++98-compat-pedantic -Wno-conversion -Wno-covered-switch-default -Wno-deprecated -Wno-deprecated-declarations -Wno-disabled-macro-expansion -Wno-double-promotion -Wno-comma -Wno-extra-semi -Wno-extra-semi-stmt -Wno-packed -Wno-padded -Wno-sign-compare -Wno-float-conversion -Wno-float-equal -Wno-format-nonliteral -Wno-gcc-compat -Wno-global-constructors -Wno-exit-time-destructors -Wno-non-modular-include-in-module -Wno-old-style-cast -Wno-range-loop-analysis -Wno-reserved-id-macro -Wno-shorten-64-to-32 -Wno-switch-enum -Wno-thread-safety-negative -Wno-unknown-warning-option -Wno-unreachable-code -Wno-unused-macros -Wno-weak-vtables -Wno-zero-as-null-pointer-constant -Wbitfield-enum-conversion -Wbool-conversion -Wconstant-conversion -Wenum-conversion -Wint-conversion -Wliteral-conversion -Wnon-literal-null-conversion -Wnull-conversion -Wobjc-literal-conversion -Wno-sign-conversion -Wstring-conversion -DNOMINMAX -DWIN32_LEAN_AND_MEAN -D_CRT_SECURE_NO_WARNINGS -D_SCL_SECURE_NO_WARNINGS -D_ENABLE_EXTENDED_ALIGNED_STORAGE -std=c++11 -stdlib=libc++  -std=c++11  -Wall  -Wextra  -Wshadow -DHAVE_CXX_FLAG_PEDANTIC  -pedantic -isysroot /Library/Developer/CommandLineTools/SDKs/MacOSX10.14.sdk -Wl,-search_paths_first -Wl,-headerpad_max_install_names   CMakeFiles/cmTC_5806c.dir/src.cxx.o  -o cmTC_5806c 

Source file was:
int main() { return 0; }
Performing C++ SOURCE FILE Test HAVE_CXX_FLAG_PEDANTIC_ERRORS succeeded with the following output:
Change Dir: /Users/liyinbin/github/gottingen/abel/build/CMakeFiles/CMakeTmp

Run Build Command:"/usr/bin/make" "cmTC_81259/fast"
/Library/Developer/CommandLineTools/usr/bin/make -f CMakeFiles/cmTC_81259.dir/build.make CMakeFiles/cmTC_81259.dir/build
Building CXX object CMakeFiles/cmTC_81259.dir/src.cxx.o
/Library/Developer/CommandLineTools/usr/bin/c++    -W3 -Wno-c++98-compat-pedantic -Wno-conversion -Wno-covered-switch-default -Wno-deprecated -Wno-deprecated-declarations -Wno-disabled-macro-expansion -Wno-double-promotion -Wno-comma -Wno-extra-semi -Wno-extra-semi-stmt -Wno-packed -Wno-padded -Wno-sign-compare -Wno-float-conversion -Wno-float-equal -Wno-format-nonliteral -Wno-gcc-compat -Wno-global-constructors -Wno-exit-time-destructors -Wno-non-modular-include-in-module -Wno-old-style-cast -Wno-range-loop-analysis -Wno-reserved-id-macro -Wno-shorten-64-to-32 -Wno-switch-enum -Wno-thread-safety-negative -Wno-unknown-warning-option -Wno-unreachable-code -Wno-unused-macros -Wno-weak-vtables -Wno-zero-as-null-pointer-constant -Wbitfield-enum-conversion -Wbool-conversion -Wconstant-conversion -Wenum-conversion -Wint-conversion -Wliteral-conversion -Wnon-literal-null-conversion -Wnull-conversion -Wobjc-literal-conversion -Wno-sign-conversion -Wstring-conversion -DNOMINMAX -DWIN32_LEAN_AND_MEAN -D_CRT_SECURE_NO_WARNINGS -D_SCL_SECURE_NO_WARNINGS -D_ENABLE_EXTENDED_ALIGNED_STORAGE -std=c++11 -stdlib=libc++  -std=c++11  -Wall  -Wextra  -Wshadow  -pedantic -DHAVE_CXX_FLAG_PEDANTIC_ERRORS  -pedantic-errors -isysroot /Library/Developer/CommandLineTools/SDKs/MacOSX10.14.sdk   -pedantic-errors -o CMakeFiles/cmTC_81259.dir/src.cxx.o -c /Users/liyinbin/github/gottingen/abel/build/CMakeFiles/CMakeTmp/src.cxx
Linking CXX executable cmTC_81259
/usr/local/bin/cmake -E cmake_link_script CMakeFiles/cmTC_81259.dir/link.txt --verbose=1
/Library/Developer/CommandLineTools/usr/bin/c++  -W3 -Wno-c++98-compat-pedantic -Wno-conversion -Wno-covered-switch-default -Wno-deprecated -Wno-deprecated-declarations -Wno-disabled-macro-expansion -Wno-double-promotion -Wno-comma -Wno-extra-semi -Wno-extra-semi-stmt -Wno-packed -Wno-padded -Wno-sign-compare -Wno-float-conversion -Wno-float-equal -Wno-format-nonliteral -Wno-gcc-compat -Wno-global-constructors -Wno-exit-time-destructors -Wno-non-modular-include-in-module -Wno-old-style-cast -Wno-range-loop-analysis -Wno-reserved-id-macro -Wno-shorten-64-to-32 -Wno-switch-enum -Wno-thread-safety-negative -Wno-unknown-warning-option -Wno-unreachable-code -Wno-unused-macros -Wno-weak-vtables -Wno-zero-as-null-pointer-constant -Wbitfield-enum-conversion -Wbool-conversion -Wconstant-conversion -Wenum-conversion -Wint-conversion -Wliteral-conversion -Wnon-literal-null-conversion -Wnull-conversion -Wobjc-literal-conversion -Wno-sign-conversion -Wstring-conversion -DNOMINMAX -DWIN32_LEAN_AND_MEAN -D_CRT_SECURE_NO_WARNINGS -D_SCL_SECURE_NO_WARNINGS -D_ENABLE_EXTENDED_ALIGNED_STORAGE -std=c++11 -stdlib=libc++  -std=c++11  -Wall  -Wextra  -Wshadow  -pedantic -DHAVE_CXX_FLAG_PEDANTIC_ERRORS  -pedantic-errors -isysroot /Library/Developer/CommandLineTools/SDKs/MacOSX10.14.sdk -Wl,-search_paths_first -Wl,-headerpad_max_install_names   CMakeFiles/cmTC_81259.dir/src.cxx.o  -o cmTC_81259 

Source file was:
int main() { return 0; }
Performing C++ SOURCE FILE Test HAVE_CXX_FLAG_WSHORTEN_64_TO_32 succeeded with the following output:
Change Dir: /Users/liyinbin/github/gottingen/abel/build/CMakeFiles/CMakeTmp

Run Build Command:"/usr/bin/make" "cmTC_fd664/fast"
/Library/Developer/CommandLineTools/usr/bin/make -f CMakeFiles/cmTC_fd664.dir/build.make CMakeFiles/cmTC_fd664.dir/build
Building CXX object CMakeFiles/cmTC_fd664.dir/src.cxx.o
/Library/Developer/CommandLineTools/usr/bin/c++    -W3 -Wno-c++98-compat-pedantic -Wno-conversion -Wno-covered-switch-default -Wno-deprecated -Wno-deprecated-declarations -Wno-disabled-macro-expansion -Wno-double-promotion -Wno-comma -Wno-extra-semi -Wno-extra-semi-stmt -Wno-packed -Wno-padded -Wno-sign-compare -Wno-float-conversion -Wno-float-equal -Wno-format-nonliteral -Wno-gcc-compat -Wno-global-constructors -Wno-exit-time-destructors -Wno-non-modular-include-in-module -Wno-old-style-cast -Wno-range-loop-analysis -Wno-reserved-id-macro -Wno-shorten-64-to-32 -Wno-switch-enum -Wno-thread-safety-negative -Wno-unknown-warning-option -Wno-unreachable-code -Wno-unused-macros -Wno-weak-vtables -Wno-zero-as-null-pointer-constant -Wbitfield-enum-conversion -Wbool-conversion -Wconstant-conversion -Wenum-conversion -Wint-conversion -Wliteral-conversion -Wnon-literal-null-conversion -Wnull-conversion -Wobjc-literal-conversion -Wno-sign-conversion -Wstring-conversion -DNOMINMAX -DWIN32_LEAN_AND_MEAN -D_CRT_SECURE_NO_WARNINGS -D_SCL_SECURE_NO_WARNINGS -D_ENABLE_EXTENDED_ALIGNED_STORAGE -std=c++11 -stdlib=libc++  -std=c++11  -Wall  -Wextra  -Wshadow  -pedantic  -pedantic-errors -DHAVE_CXX_FLAG_WSHORTEN_64_TO_32  -Wshorten-64-to-32 -isysroot /Library/Developer/CommandLineTools/SDKs/MacOSX10.14.sdk   -Wshorten-64-to-32 -o CMakeFiles/cmTC_fd664.dir/src.cxx.o -c /Users/liyinbin/github/gottingen/abel/build/CMakeFiles/CMakeTmp/src.cxx
Linking CXX executable cmTC_fd664
/usr/local/bin/cmake -E cmake_link_script CMakeFiles/cmTC_fd664.dir/link.txt --verbose=1
/Library/Developer/CommandLineTools/usr/bin/c++  -W3 -Wno-c++98-compat-pedantic -Wno-conversion -Wno-covered-switch-default -Wno-deprecated -Wno-deprecated-declarations -Wno-disabled-macro-expansion -Wno-double-promotion -Wno-comma -Wno-extra-semi -Wno-extra-semi-stmt -Wno-packed -Wno-padded -Wno-sign-compare -Wno-float-conversion -Wno-float-equal -Wno-format-nonliteral -Wno-gcc-compat -Wno-global-constructors -Wno-exit-time-destructors -Wno-non-modular-include-in-module -Wno-old-style-cast -Wno-range-loop-analysis -Wno-reserved-id-macro -Wno-shorten-64-to-32 -Wno-switch-enum -Wno-thread-safety-negative -Wno-unknown-warning-option -Wno-unreachable-code -Wno-unused-macros -Wno-weak-vtables -Wno-zero-as-null-pointer-constant -Wbitfield-enum-conversion -Wbool-conversion -Wconstant-conversion -Wenum-conversion -Wint-conversion -Wliteral-conversion -Wnon-literal-null-conversion -Wnull-conversion -Wobjc-literal-conversion -Wno-sign-conversion -Wstring-conversion -DNOMINMAX -DWIN32_LEAN_AND_MEAN -D_CRT_SECURE_NO_WARNINGS -D_SCL_SECURE_NO_WARNINGS -D_ENABLE_EXTENDED_ALIGNED_STORAGE -std=c++11 -stdlib=libc++  -std=c++11  -Wall  -Wextra  -Wshadow  -pedantic  -pedantic-errors -DHAVE_CXX_FLAG_WSHORTEN_64_TO_32  -Wshorten-64-to-32 -isysroot /Library/Developer/CommandLineTools/SDKs/MacOSX10.14.sdk -Wl,-search_paths_first -Wl,-headerpad_max_install_names   CMakeFiles/cmTC_fd664.dir/src.cxx.o  -o cmTC_fd664 

Source file was:
int main() { return 0; }
Performing C++ SOURCE FILE Test HAVE_CXX_FLAG_FSTRICT_ALIASING succeeded with the following output:
Change Dir: /Users/liyinbin/github/gottingen/abel/build/CMakeFiles/CMakeTmp

Run Build Command:"/usr/bin/make" "cmTC_8abe1/fast"
/Library/Developer/CommandLineTools/usr/bin/make -f CMakeFiles/cmTC_8abe1.dir/build.make CMakeFiles/cmTC_8abe1.dir/build
Building CXX object CMakeFiles/cmTC_8abe1.dir/src.cxx.o
/Library/Developer/CommandLineTools/usr/bin/c++    -W3 -Wno-c++98-compat-pedantic -Wno-conversion -Wno-covered-switch-default -Wno-deprecated -Wno-deprecated-declarations -Wno-disabled-macro-expansion -Wno-double-promotion -Wno-comma -Wno-extra-semi -Wno-extra-semi-stmt -Wno-packed -Wno-padded -Wno-sign-compare -Wno-float-conversion -Wno-float-equal -Wno-format-nonliteral -Wno-gcc-compat -Wno-global-constructors -Wno-exit-time-destructors -Wno-non-modular-include-in-module -Wno-old-style-cast -Wno-range-loop-analysis -Wno-reserved-id-macro -Wno-shorten-64-to-32 -Wno-switch-enum -Wno-thread-safety-negative -Wno-unknown-warning-option -Wno-unreachable-code -Wno-unused-macros -Wno-weak-vtables -Wno-zero-as-null-pointer-constant -Wbitfield-enum-conversion -Wbool-conversion -Wconstant-conversion -Wenum-conversion -Wint-conversion -Wliteral-conversion -Wnon-literal-null-conversion -Wnull-conversion -Wobjc-literal-conversion -Wno-sign-conversion -Wstring-conversion -DNOMINMAX -DWIN32_LEAN_AND_MEAN -D_CRT_SECURE_NO_WARNINGS -D_SCL_SECURE_NO_WARNINGS -D_ENABLE_EXTENDED_ALIGNED_STORAGE -std=c++11 -stdlib=libc++  -std=c++11  -Wall  -Wextra  -Wshadow  -pedantic  -pedantic-errors  -Wshorten-64-to-32 -DHAVE_CXX_FLAG_FSTRICT_ALIASING  -fstrict-aliasing -isysroot /Library/Developer/CommandLineTools/SDKs/MacOSX10.14.sdk   -fstrict-aliasing -o CMakeFiles/cmTC_8abe1.dir/src.cxx.o -c /Users/liyinbin/github/gottingen/abel/build/CMakeFiles/CMakeTmp/src.cxx
Linking CXX executable cmTC_8abe1
/usr/local/bin/cmake -E cmake_link_script CMakeFiles/cmTC_8abe1.dir/link.txt --verbose=1
/Library/Developer/CommandLineTools/usr/bin/c++  -W3 -Wno-c++98-compat-pedantic -Wno-conversion -Wno-covered-switch-default -Wno-deprecated -Wno-deprecated-declarations -Wno-disabled-macro-expansion -Wno-double-promotion -Wno-comma -Wno-extra-semi -Wno-extra-semi-stmt -Wno-packed -Wno-padded -Wno-sign-compare -Wno-float-conversion -Wno-float-equal -Wno-format-nonliteral -Wno-gcc-compat -Wno-global-constructors -Wno-exit-time-destructors -Wno-non-modular-include-in-module -Wno-old-style-cast -Wno-range-loop-analysis -Wno-reserved-id-macro -Wno-shorten-64-to-32 -Wno-switch-enum -Wno-thread-safety-negative -Wno-unknown-warning-option -Wno-unreachable-code -Wno-unused-macros -Wno-weak-vtables -Wno-zero-as-null-pointer-constant -Wbitfield-enum-conversion -Wbool-conversion -Wconstant-conversion -Wenum-conversion -Wint-conversion -Wliteral-conversion -Wnon-literal-null-conversion -Wnull-conversion -Wobjc-literal-conversion -Wno-sign-conversion -Wstring-conversion -DNOMINMAX -DWIN32_LEAN_AND_MEAN -D_CRT_SECURE_NO_WARNINGS -D_SCL_SECURE_NO_WARNINGS -D_ENABLE_EXTENDED_ALIGNED_STORAGE -std=c++11 -stdlib=libc++  -std=c++11  -Wall  -Wextra  -Wshadow  -pedantic  -pedantic-errors  -Wshorten-64-to-32 -DHAVE_CXX_FLAG_FSTRICT_ALIASING  -fstrict-aliasing -isysroot /Library/Developer/CommandLineTools/SDKs/MacOSX10.14.sdk -Wl,-search_paths_first -Wl,-headerpad_max_install_names   CMakeFiles/cmTC_8abe1.dir/src.cxx.o  -o cmTC_8abe1 

Source file was:
int main() { return 0; }
Performing C++ SOURCE FILE Test HAVE_CXX_FLAG_WNO_DEPRECATED_DECLARATIONS succeeded with the following output:
Change Dir: /Users/liyinbin/github/gottingen/abel/build/CMakeFiles/CMakeTmp

Run Build Command:"/usr/bin/make" "cmTC_2792d/fast"
/Library/Developer/CommandLineTools/usr/bin/make -f CMakeFiles/cmTC_2792d.dir/build.make CMakeFiles/cmTC_2792d.dir/build
Building CXX object CMakeFiles/cmTC_2792d.dir/src.cxx.o
/Library/Developer/CommandLineTools/usr/bin/c++    -W3 -Wno-c++98-compat-pedantic -Wno-conversion -Wno-covered-switch-default -Wno-deprecated -Wno-deprecated-declarations -Wno-disabled-macro-expansion -Wno-double-promotion -Wno-comma -Wno-extra-semi -Wno-extra-semi-stmt -Wno-packed -Wno-padded -Wno-sign-compare -Wno-float-conversion -Wno-float-equal -Wno-format-nonliteral -Wno-gcc-compat -Wno-global-constructors -Wno-exit-time-destructors -Wno-non-modular-include-in-module -Wno-old-style-cast -Wno-range-loop-analysis -Wno-reserved-id-macro -Wno-shorten-64-to-32 -Wno-switch-enum -Wno-thread-safety-negative -Wno-unknown-warning-option -Wno-unreachable-code -Wno-unused-macros -Wno-weak-vtables -Wno-zero-as-null-pointer-constant -Wbitfield-enum-conversion -Wbool-conversion -Wconstant-conversion -Wenum-conversion -Wint-conversion -Wliteral-conversion -Wnon-literal-null-conversion -Wnull-conversion -Wobjc-literal-conversion -Wno-sign-conversion -Wstring-conversion -DNOMINMAX -DWIN32_LEAN_AND_MEAN -D_CRT_SECURE_NO_WARNINGS -D_SCL_SECURE_NO_WARNINGS -D_ENABLE_EXTENDED_ALIGNED_STORAGE -std=c++11 -stdlib=libc++  -std=c++11  -Wall  -Wextra  -Wshadow  -pedantic  -pedantic-errors  -Wshorten-64-to-32  -fstrict-aliasing -DHAVE_CXX_FLAG_WNO_DEPRECATED_DECLARATIONS  -Wno-deprecated-declarations -isysroot /Library/Developer/CommandLineTools/SDKs/MacOSX10.14.sdk   -Wno-deprecated-declarations -o CMakeFiles/cmTC_2792d.dir/src.cxx.o -c /Users/liyinbin/github/gottingen/abel/build/CMakeFiles/CMakeTmp/src.cxx
Linking CXX executable cmTC_2792d
/usr/local/bin/cmake -E cmake_link_script CMakeFiles/cmTC_2792d.dir/link.txt --verbose=1
/Library/Developer/CommandLineTools/usr/bin/c++  -W3 -Wno-c++98-compat-pedantic -Wno-conversion -Wno-covered-switch-default -Wno-deprecated -Wno-deprecated-declarations -Wno-disabled-macro-expansion -Wno-double-promotion -Wno-comma -Wno-extra-semi -Wno-extra-semi-stmt -Wno-packed -Wno-padded -Wno-sign-compare -Wno-float-conversion -Wno-float-equal -Wno-format-nonliteral -Wno-gcc-compat -Wno-global-constructors -Wno-exit-time-destructors -Wno-non-modular-include-in-module -Wno-old-style-cast -Wno-range-loop-analysis -Wno-reserved-id-macro -Wno-shorten-64-to-32 -Wno-switch-enum -Wno-thread-safety-negative -Wno-unknown-warning-option -Wno-unreachable-code -Wno-unused-macros -Wno-weak-vtables -Wno-zero-as-null-pointer-constant -Wbitfield-enum-conversion -Wbool-conversion -Wconstant-conversion -Wenum-conversion -Wint-conversion -Wliteral-conversion -Wnon-literal-null-conversion -Wnull-conversion -Wobjc-literal-conversion -Wno-sign-conversion -Wstring-conversion -DNOMINMAX -DWIN32_LEAN_AND_MEAN -D_CRT_SECURE_NO_WARNINGS -D_SCL_SECURE_NO_WARNINGS -D_ENABLE_EXTENDED_ALIGNED_STORAGE -std=c++11 -stdlib=libc++  -std=c++11  -Wall  -Wextra  -Wshadow  -pedantic  -pedantic-errors  -Wshorten-64-to-32  -fstrict-aliasing -DHAVE_CXX_FLAG_WNO_DEPRECATED_DECLARATIONS  -Wno-deprecated-declarations -isysroot /Library/Developer/CommandLineTools/SDKs/MacOSX10.14.sdk -Wl,-search_paths_first -Wl,-headerpad_max_install_names   CMakeFiles/cmTC_2792d.dir/src.cxx.o  -o cmTC_2792d 

Source file was:
int main() { return 0; }
Performing C++ SOURCE FILE Test HAVE_CXX_FLAG_WNO_DEPRECATED succeeded with the following output:
Change Dir: /Users/liyinbin/github/gottingen/abel/build/CMakeFiles/CMakeTmp

Run Build Command:"/usr/bin/make" "cmTC_df076/fast"
/Library/Developer/CommandLineTools/usr/bin/make -f CMakeFiles/cmTC_df076.dir/build.make CMakeFiles/cmTC_df076.dir/build
Building CXX object CMakeFiles/cmTC_df076.dir/src.cxx.o
/Library/Developer/CommandLineTools/usr/bin/c++    -W3 -Wno-c++98-compat-pedantic -Wno-conversion -Wno-covered-switch-default -Wno-deprecated -Wno-deprecated-declarations -Wno-disabled-macro-expansion -Wno-double-promotion -Wno-comma -Wno-extra-semi -Wno-extra-semi-stmt -Wno-packed -Wno-padded -Wno-sign-compare -Wno-float-conversion -Wno-float-equal -Wno-format-nonliteral -Wno-gcc-compat -Wno-global-constructors -Wno-exit-time-destructors -Wno-non-modular-include-in-module -Wno-old-style-cast -Wno-range-loop-analysis -Wno-reserved-id-macro -Wno-shorten-64-to-32 -Wno-switch-enum -Wno-thread-safety-negative -Wno-unknown-warning-option -Wno-unreachable-code -Wno-unused-macros -Wno-weak-vtables -Wno-zero-as-null-pointer-constant -Wbitfield-enum-conversion -Wbool-conversion -Wconstant-conversion -Wenum-conversion -Wint-conversion -Wliteral-conversion -Wnon-literal-null-conversion -Wnull-conversion -Wobjc-literal-conversion -Wno-sign-conversion -Wstring-conversion -DNOMINMAX -DWIN32_LEAN_AND_MEAN -D_CRT_SECURE_NO_WARNINGS -D_SCL_SECURE_NO_WARNINGS -D_ENABLE_EXTENDED_ALIGNED_STORAGE -std=c++11 -stdlib=libc++  -std=c++11  -Wall  -Wextra  -Wshadow  -pedantic  -pedantic-errors  -Wshorten-64-to-32  -fstrict-aliasing  -Wno-deprecated-declarations -DHAVE_CXX_FLAG_WNO_DEPRECATED  -Wno-deprecated -isysroot /Library/Developer/CommandLineTools/SDKs/MacOSX10.14.sdk   -Wno-deprecated -o CMakeFiles/cmTC_df076.dir/src.cxx.o -c /Users/liyinbin/github/gottingen/abel/build/CMakeFiles/CMakeTmp/src.cxx
Linking CXX executable cmTC_df076
/usr/local/bin/cmake -E cmake_link_script CMakeFiles/cmTC_df076.dir/link.txt --verbose=1
/Library/Developer/CommandLineTools/usr/bin/c++  -W3 -Wno-c++98-compat-pedantic -Wno-conversion -Wno-covered-switch-default -Wno-deprecated -Wno-deprecated-declarations -Wno-disabled-macro-expansion -Wno-double-promotion -Wno-comma -Wno-extra-semi -Wno-extra-semi-stmt -Wno-packed -Wno-padded -Wno-sign-compare -Wno-float-conversion -Wno-float-equal -Wno-format-nonliteral -Wno-gcc-compat -Wno-global-constructors -Wno-exit-time-destructors -Wno-non-modular-include-in-module -Wno-old-style-cast -Wno-range-loop-analysis -Wno-reserved-id-macro -Wno-shorten-64-to-32 -Wno-switch-enum -Wno-thread-safety-negative -Wno-unknown-warning-option -Wno-unreachable-code -Wno-unused-macros -Wno-weak-vtables -Wno-zero-as-null-pointer-constant -Wbitfield-enum-conversion -Wbool-conversion -Wconstant-conversion -Wenum-conversion -Wint-conversion -Wliteral-conversion -Wnon-literal-null-conversion -Wnull-conversion -Wobjc-literal-conversion -Wno-sign-conversion -Wstring-conversion -DNOMINMAX -DWIN32_LEAN_AND_MEAN -D_CRT_SECURE_NO_WARNINGS -D_SCL_SECURE_NO_WARNINGS -D_ENABLE_EXTENDED_ALIGNED_STORAGE -std=c++11 -stdlib=libc++  -std=c++11  -Wall  -Wextra  -Wshadow  -pedantic  -pedantic-errors  -Wshorten-64-to-32  -fstrict-aliasing  -Wno-deprecated-declarations -DHAVE_CXX_FLAG_WNO_DEPRECATED  -Wno-deprecated -isysroot /Library/Developer/CommandLineTools/SDKs/MacOSX10.14.sdk -Wl,-search_paths_first -Wl,-headerpad_max_install_names   CMakeFiles/cmTC_df076.dir/src.cxx.o  -o cmTC_df076 

Source file was:
int main() { return 0; }
Performing C++ SOURCE FILE Test HAVE_CXX_FLAG_WSTRICT_ALIASING succeeded with the following output:
Change Dir: /Users/liyinbin/github/gottingen/abel/build/CMakeFiles/CMakeTmp

Run Build Command:"/usr/bin/make" "cmTC_17fc8/fast"
/Library/Developer/CommandLineTools/usr/bin/make -f CMakeFiles/cmTC_17fc8.dir/build.make CMakeFiles/cmTC_17fc8.dir/build
Building CXX object CMakeFiles/cmTC_17fc8.dir/src.cxx.o
/Library/Developer/CommandLineTools/usr/bin/c++    -W3 -Wno-c++98-compat-pedantic -Wno-conversion -Wno-covered-switch-default -Wno-deprecated -Wno-deprecated-declarations -Wno-disabled-macro-expansion -Wno-double-promotion -Wno-comma -Wno-extra-semi -Wno-extra-semi-stmt -Wno-packed -Wno-padded -Wno-sign-compare -Wno-float-conversion -Wno-float-equal -Wno-format-nonliteral -Wno-gcc-compat -Wno-global-constructors -Wno-exit-time-destructors -Wno-non-modular-include-in-module -Wno-old-style-cast -Wno-range-loop-analysis -Wno-reserved-id-macro -Wno-shorten-64-to-32 -Wno-switch-enum -Wno-thread-safety-negative -Wno-unknown-warning-option -Wno-unreachable-code -Wno-unused-macros -Wno-weak-vtables -Wno-zero-as-null-pointer-constant -Wbitfield-enum-conversion -Wbool-conversion -Wconstant-conversion -Wenum-conversion -Wint-conversion -Wliteral-conversion -Wnon-literal-null-conversion -Wnull-conversion -Wobjc-literal-conversion -Wno-sign-conversion -Wstring-conversion -DNOMINMAX -DWIN32_LEAN_AND_MEAN -D_CRT_SECURE_NO_WARNINGS -D_SCL_SECURE_NO_WARNINGS -D_ENABLE_EXTENDED_ALIGNED_STORAGE -std=c++11 -stdlib=libc++  -std=c++11  -Wall  -Wextra  -Wshadow  -pedantic  -pedantic-errors  -Wshorten-64-to-32  -fstrict-aliasing  -Wno-deprecated-declarations -DHAVE_CXX_FLAG_WSTRICT_ALIASING  -Wstrict-aliasing -isysroot /Library/Developer/CommandLineTools/SDKs/MacOSX10.14.sdk   -Wstrict-aliasing -o CMakeFiles/cmTC_17fc8.dir/src.cxx.o -c /Users/liyinbin/github/gottingen/abel/build/CMakeFiles/CMakeTmp/src.cxx
Linking CXX executable cmTC_17fc8
/usr/local/bin/cmake -E cmake_link_script CMakeFiles/cmTC_17fc8.dir/link.txt --verbose=1
/Library/Developer/CommandLineTools/usr/bin/c++  -W3 -Wno-c++98-compat-pedantic -Wno-conversion -Wno-covered-switch-default -Wno-deprecated -Wno-deprecated-declarations -Wno-disabled-macro-expansion -Wno-double-promotion -Wno-comma -Wno-extra-semi -Wno-extra-semi-stmt -Wno-packed -Wno-padded -Wno-sign-compare -Wno-float-conversion -Wno-float-equal -Wno-format-nonliteral -Wno-gcc-compat -Wno-global-constructors -Wno-exit-time-destructors -Wno-non-modular-include-in-module -Wno-old-style-cast -Wno-range-loop-analysis -Wno-reserved-id-macro -Wno-shorten-64-to-32 -Wno-switch-enum -Wno-thread-safety-negative -Wno-unknown-warning-option -Wno-unreachable-code -Wno-unused-macros -Wno-weak-vtables -Wno-zero-as-null-pointer-constant -Wbitfield-enum-conversion -Wbool-conversion -Wconstant-conversion -Wenum-conversion -Wint-conversion -Wliteral-conversion -Wnon-literal-null-conversion -Wnull-conversion -Wobjc-literal-conversion -Wno-sign-conversion -Wstring-conversion -DNOMINMAX -DWIN32_LEAN_AND_MEAN -D_CRT_SECURE_NO_WARNINGS -D_SCL_SECURE_NO_WARNINGS -D_ENABLE_EXTENDED_ALIGNED_STORAGE -std=c++11 -stdlib=libc++  -std=c++11  -Wall  -Wextra  -Wshadow  -pedantic  -pedantic-errors  -Wshorten-64-to-32  -fstrict-aliasing  -Wno-deprecated-declarations -DHAVE_CXX_FLAG_WSTRICT_ALIASING  -Wstrict-aliasing -isysroot /Library/Developer/CommandLineTools/SDKs/MacOSX10.14.sdk -Wl,-search_paths_first -Wl,-headerpad_max_install_names   CMakeFiles/cmTC_17fc8.dir/src.cxx.o  -o cmTC_17fc8 

Source file was:
int main() { return 0; }
Performing C++ SOURCE FILE Test HAVE_CXX_FLAG_WTHREAD_SAFETY succeeded with the following output:
Change Dir: /Users/liyinbin/github/gottingen/abel/build/CMakeFiles/CMakeTmp

Run Build Command:"/usr/bin/make" "cmTC_0e2ed/fast"
/Library/Developer/CommandLineTools/usr/bin/make -f CMakeFiles/cmTC_0e2ed.dir/build.make CMakeFiles/cmTC_0e2ed.dir/build
Building CXX object CMakeFiles/cmTC_0e2ed.dir/src.cxx.o
/Library/Developer/CommandLineTools/usr/bin/c++    -W3 -Wno-c++98-compat-pedantic -Wno-conversion -Wno-covered-switch-default -Wno-deprecated -Wno-deprecated-declarations -Wno-disabled-macro-expansion -Wno-double-promotion -Wno-comma -Wno-extra-semi -Wno-extra-semi-stmt -Wno-packed -Wno-padded -Wno-sign-compare -Wno-float-conversion -Wno-float-equal -Wno-format-nonliteral -Wno-gcc-compat -Wno-global-constructors -Wno-exit-time-destructors -Wno-non-modular-include-in-module -Wno-old-style-cast -Wno-range-loop-analysis -Wno-reserved-id-macro -Wno-shorten-64-to-32 -Wno-switch-enum -Wno-thread-safety-negative -Wno-unknown-warning-option -Wno-unreachable-code -Wno-unused-macros -Wno-weak-vtables -Wno-zero-as-null-pointer-constant -Wbitfield-enum-conversion -Wbool-conversion -Wconstant-conversion -Wenum-conversion -Wint-conversion -Wliteral-conversion -Wnon-literal-null-conversion -Wnull-conversion -Wobjc-literal-conversion -Wno-sign-conversion -Wstring-conversion -DNOMINMAX -DWIN32_LEAN_AND_MEAN -D_CRT_SECURE_NO_WARNINGS -D_SCL_SECURE_NO_WARNINGS -D_ENABLE_EXTENDED_ALIGNED_STORAGE -std=c++11 -stdlib=libc++  -std=c++11  -Wall  -Wextra  -Wshadow  -pedantic  -pedantic-errors  -Wshorten-64-to-32  -fstrict-aliasing  -Wno-deprecated-declarations  -Wstrict-aliasing -DHAVE_CXX_FLAG_WTHREAD_SAFETY  -Wthread-safety -isysroot /Library/Developer/CommandLineTools/SDKs/MacOSX10.14.sdk   -Wthread-safety -o CMakeFiles/cmTC_0e2ed.dir/src.cxx.o -c /Users/liyinbin/github/gottingen/abel/build/CMakeFiles/CMakeTmp/src.cxx
Linking CXX executable cmTC_0e2ed
/usr/local/bin/cmake -E cmake_link_script CMakeFiles/cmTC_0e2ed.dir/link.txt --verbose=1
/Library/Developer/CommandLineTools/usr/bin/c++  -W3 -Wno-c++98-compat-pedantic -Wno-conversion -Wno-covered-switch-default -Wno-deprecated -Wno-deprecated-declarations -Wno-disabled-macro-expansion -Wno-double-promotion -Wno-comma -Wno-extra-semi -Wno-extra-semi-stmt -Wno-packed -Wno-padded -Wno-sign-compare -Wno-float-conversion -Wno-float-equal -Wno-format-nonliteral -Wno-gcc-compat -Wno-global-constructors -Wno-exit-time-destructors -Wno-non-modular-include-in-module -Wno-old-style-cast -Wno-range-loop-analysis -Wno-reserved-id-macro -Wno-shorten-64-to-32 -Wno-switch-enum -Wno-thread-safety-negative -Wno-unknown-warning-option -Wno-unreachable-code -Wno-unused-macros -Wno-weak-vtables -Wno-zero-as-null-pointer-constant -Wbitfield-enum-conversion -Wbool-conversion -Wconstant-conversion -Wenum-conversion -Wint-conversion -Wliteral-conversion -Wnon-literal-null-conversion -Wnull-conversion -Wobjc-literal-conversion -Wno-sign-conversion -Wstring-conversion -DNOMINMAX -DWIN32_LEAN_AND_MEAN -D_CRT_SECURE_NO_WARNINGS -D_SCL_SECURE_NO_WARNINGS -D_ENABLE_EXTENDED_ALIGNED_STORAGE -std=c++11 -stdlib=libc++  -std=c++11  -Wall  -Wextra  -Wshadow  -pedantic  -pedantic-errors  -Wshorten-64-to-32  -fstrict-aliasing  -Wno-deprecated-declarations  -Wstrict-aliasing -DHAVE_CXX_FLAG_WTHREAD_SAFETY  -Wthread-safety -isysroot /Library/Developer/CommandLineTools/SDKs/MacOSX10.14.sdk -Wl,-search_paths_first -Wl,-headerpad_max_install_names   CMakeFiles/cmTC_0e2ed.dir/src.cxx.o  -o cmTC_0e2ed 

Source file was:
int main() { return 0; }
Performing C++ SOURCE FILE Test HAVE_CXX_FLAG_COVERAGE succeeded with the following output:
Change Dir: /Users/liyinbin/github/gottingen/abel/build/CMakeFiles/CMakeTmp

Run Build Command:"/usr/bin/make" "cmTC_84146/fast"
/Library/Developer/CommandLineTools/usr/bin/make -f CMakeFiles/cmTC_84146.dir/build.make CMakeFiles/cmTC_84146.dir/build
Building CXX object CMakeFiles/cmTC_84146.dir/src.cxx.o
/Library/Developer/CommandLineTools/usr/bin/c++    -W3 -Wno-c++98-compat-pedantic -Wno-conversion -Wno-covered-switch-default -Wno-deprecated -Wno-deprecated-declarations -Wno-disabled-macro-expansion -Wno-double-promotion -Wno-comma -Wno-extra-semi -Wno-extra-semi-stmt -Wno-packed -Wno-padded -Wno-sign-compare -Wno-float-conversion -Wno-float-equal -Wno-format-nonliteral -Wno-gcc-compat -Wno-global-constructors -Wno-exit-time-destructors -Wno-non-modular-include-in-module -Wno-old-style-cast -Wno-range-loop-analysis -Wno-reserved-id-macro -Wno-shorten-64-to-32 -Wno-switch-enum -Wno-thread-safety-negative -Wno-unknown-warning-option -Wno-unreachable-code -Wno-unused-macros -Wno-weak-vtables -Wno-zero-as-null-pointer-constant -Wbitfield-enum-conversion -Wbool-conversion -Wconstant-conversion -Wenum-conversion -Wint-conversion -Wliteral-conversion -Wnon-literal-null-conversion -Wnull-conversion -Wobjc-literal-conversion -Wno-sign-conversion -Wstring-conversion -DNOMINMAX -DWIN32_LEAN_AND_MEAN -D_CRT_SECURE_NO_WARNINGS -D_SCL_SECURE_NO_WARNINGS -D_ENABLE_EXTENDED_ALIGNED_STORAGE -std=c++11 -stdlib=libc++  -std=c++11  -Wall  -Wextra  -Wshadow  -pedantic  -pedantic-errors  -Wshorten-64-to-32  -fstrict-aliasing  -Wno-deprecated-declarations  -Wstrict-aliasing  -Wthread-safety -DHAVE_CXX_FLAG_COVERAGE  --coverage -isysroot /Library/Developer/CommandLineTools/SDKs/MacOSX10.14.sdk   --coverage -o CMakeFiles/cmTC_84146.dir/src.cxx.o -c /Users/liyinbin/github/gottingen/abel/build/CMakeFiles/CMakeTmp/src.cxx
Linking CXX executable cmTC_84146
/usr/local/bin/cmake -E cmake_link_script CMakeFiles/cmTC_84146.dir/link.txt --verbose=1
/Library/Developer/CommandLineTools/usr/bin/c++  -W3 -Wno-c++98-compat-pedantic -Wno-conversion -Wno-covered-switch-default -Wno-deprecated -Wno-deprecated-declarations -Wno-disabled-macro-expansion -Wno-double-promotion -Wno-comma -Wno-extra-semi -Wno-extra-semi-stmt -Wno-packed -Wno-padded -Wno-sign-compare -Wno-float-conversion -Wno-float-equal -Wno-format-nonliteral -Wno-gcc-compat -Wno-global-constructors -Wno-exit-time-destructors -Wno-non-modular-include-in-module -Wno-old-style-cast -Wno-range-loop-analysis -Wno-reserved-id-macro -Wno-shorten-64-to-32 -Wno-switch-enum -Wno-thread-safety-negative -Wno-unknown-warning-option -Wno-unreachable-code -Wno-unused-macros -Wno-weak-vtables -Wno-zero-as-null-pointer-constant -Wbitfield-enum-conversion -Wbool-conversion -Wconstant-conversion -Wenum-conversion -Wint-conversion -Wliteral-conversion -Wnon-literal-null-conversion -Wnull-conversion -Wobjc-literal-conversion -Wno-sign-conversion -Wstring-conversion -DNOMINMAX -DWIN32_LEAN_AND_MEAN -D_CRT_SECURE_NO_WARNINGS -D_SCL_SECURE_NO_WARNINGS -D_ENABLE_EXTENDED_ALIGNED_STORAGE -std=c++11 -stdlib=libc++  -std=c++11  -Wall  -Wextra  -Wshadow  -pedantic  -pedantic-errors  -Wshorten-64-to-32  -fstrict-aliasing  -Wno-deprecated-declarations  -Wstrict-aliasing  -Wthread-safety -DHAVE_CXX_FLAG_COVERAGE  --coverage -isysroot /Library/Developer/CommandLineTools/SDKs/MacOSX10.14.sdk -Wl,-search_paths_first -Wl,-headerpad_max_install_names   CMakeFiles/cmTC_84146.dir/src.cxx.o  -o cmTC_84146 

Source file was:
int main() { return 0; }
Determining if the include file pthread.h exists passed with the following output:
Change Dir: /Users/liyinbin/github/gottingen/abel/build/CMakeFiles/CMakeTmp

Run Build Command:"/usr/bin/make" "cmTC_576e4/fast"
/Library/Developer/CommandLineTools/usr/bin/make -f CMakeFiles/cmTC_576e4.dir/build.make CMakeFiles/cmTC_576e4.dir/build
Building CXX object CMakeFiles/cmTC_576e4.dir/CheckIncludeFile.cxx.o
/Library/Developer/CommandLineTools/usr/bin/c++    -W3 -Wno-c++98-compat-pedantic -Wno-conversion -Wno-covered-switch-default -Wno-deprecated -Wno-deprecated-declarations -Wno-disabled-macro-expansion -Wno-double-promotion -Wno-comma -Wno-extra-semi -Wno-extra-semi-stmt -Wno-packed -Wno-padded -Wno-sign-compare -Wno-float-conversion -Wno-float-equal -Wno-format-nonliteral -Wno-gcc-compat -Wno-global-constructors -Wno-exit-time-destructors -Wno-non-modular-include-in-module -Wno-old-style-cast -Wno-range-loop-analysis -Wno-reserved-id-macro -Wno-shorten-64-to-32 -Wno-switch-enum -Wno-thread-safety-negative -Wno-unknown-warning-option -Wno-unreachable-code -Wno-unused-macros -Wno-weak-vtables -Wno-zero-as-null-pointer-constant -Wbitfield-enum-conversion -Wbool-conversion -Wconstant-conversion -Wenum-conversion -Wint-conversion -Wliteral-conversion -Wnon-literal-null-conversion -Wnull-conversion -Wobjc-literal-conversion -Wno-sign-conversion -Wstring-conversion -DNOMINMAX -DWIN32_LEAN_AND_MEAN -D_CRT_SECURE_NO_WARNINGS -D_SCL_SECURE_NO_WARNINGS -D_ENABLE_EXTENDED_ALIGNED_STORAGE -std=c++11 -stdlib=libc++  -std=c++11  -Wall  -Wextra  -Wshadow  -pedantic  -pedantic-errors  -Wshorten-64-to-32  -fstrict-aliasing  -Wno-deprecated-declarations  -Wstrict-aliasing  -Wthread-safety  -isysroot /Library/Developer/CommandLineTools/SDKs/MacOSX10.14.sdk   -o CMakeFiles/cmTC_576e4.dir/CheckIncludeFile.cxx.o -c /Users/liyinbin/github/gottingen/abel/build/CMakeFiles/CMakeTmp/CheckIncludeFile.cxx
Linking CXX executable cmTC_576e4
/usr/local/bin/cmake -E cmake_link_script CMakeFiles/cmTC_576e4.dir/link.txt --verbose=1
/Library/Developer/CommandLineTools/usr/bin/c++  -W3 -Wno-c++98-compat-pedantic -Wno-conversion -Wno-covered-switch-default -Wno-deprecated -Wno-deprecated-declarations -Wno-disabled-macro-expansion -Wno-double-promotion -Wno-comma -Wno-extra-semi -Wno-extra-semi-stmt -Wno-packed -Wno-padded -Wno-sign-compare -Wno-float-conversion -Wno-float-equal -Wno-format-nonliteral -Wno-gcc-compat -Wno-global-constructors -Wno-exit-time-destructors -Wno-non-modular-include-in-module -Wno-old-style-cast -Wno-range-loop-analysis -Wno-reserved-id-macro -Wno-shorten-64-to-32 -Wno-switch-enum -Wno-thread-safety-negative -Wno-unknown-warning-option -Wno-unreachable-code -Wno-unused-macros -Wno-weak-vtables -Wno-zero-as-null-pointer-constant -Wbitfield-enum-conversion -Wbool-conversion -Wconstant-conversion -Wenum-conversion -Wint-conversion -Wliteral-conversion -Wnon-literal-null-conversion -Wnull-conversion -Wobjc-literal-conversion -Wno-sign-conversion -Wstring-conversion -DNOMINMAX -DWIN32_LEAN_AND_MEAN -D_CRT_SECURE_NO_WARNINGS -D_SCL_SECURE_NO_WARNINGS -D_ENABLE_EXTENDED_ALIGNED_STORAGE -std=c++11 -stdlib=libc++  -std=c++11  -Wall  -Wextra  -Wshadow  -pedantic  -pedantic-errors  -Wshorten-64-to-32  -fstrict-aliasing  -Wno-deprecated-declarations  -Wstrict-aliasing  -Wthread-safety  -isysroot /Library/Developer/CommandLineTools/SDKs/MacOSX10.14.sdk -Wl,-search_paths_first -Wl,-headerpad_max_install_names   CMakeFiles/cmTC_576e4.dir/CheckIncludeFile.cxx.o  -o cmTC_576e4 


Determining if the pthread_create exist passed with the following output:
Change Dir: /Users/liyinbin/github/gottingen/abel/build/CMakeFiles/CMakeTmp

Run Build Command:"/usr/bin/make" "cmTC_7fdd3/fast"
/Library/Developer/CommandLineTools/usr/bin/make -f CMakeFiles/cmTC_7fdd3.dir/build.make CMakeFiles/cmTC_7fdd3.dir/build
Building CXX object CMakeFiles/cmTC_7fdd3.dir/CheckSymbolExists.cxx.o
/Library/Developer/CommandLineTools/usr/bin/c++    -W3 -Wno-c++98-compat-pedantic -Wno-conversion -Wno-covered-switch-default -Wno-deprecated -Wno-deprecated-declarations -Wno-disabled-macro-expansion -Wno-double-promotion -Wno-comma -Wno-extra-semi -Wno-extra-semi-stmt -Wno-packed -Wno-padded -Wno-sign-compare -Wno-float-conversion -Wno-float-equal -Wno-format-nonliteral -Wno-gcc-compat -Wno-global-constructors -Wno-exit-time-destructors -Wno-non-modular-include-in-module -Wno-old-style-cast -Wno-range-loop-analysis -Wno-reserved-id-macro -Wno-shorten-64-to-32 -Wno-switch-enum -Wno-thread-safety-negative -Wno-unknown-warning-option -Wno-unreachable-code -Wno-unused-macros -Wno-weak-vtables -Wno-zero-as-null-pointer-constant -Wbitfield-enum-conversion -Wbool-conversion -Wconstant-conversion -Wenum-conversion -Wint-conversion -Wliteral-conversion -Wnon-literal-null-conversion -Wnull-conversion -Wobjc-literal-conversion -Wno-sign-conversion -Wstring-conversion -DNOMINMAX -DWIN32_LEAN_AND_MEAN -D_CRT_SECURE_NO_WARNINGS -D_SCL_SECURE_NO_WARNINGS -D_ENABLE_EXTENDED_ALIGNED_STORAGE -std=c++11 -stdlib=libc++  -std=c++11  -Wall  -Wextra  -Wshadow  -pedantic  -pedantic-errors  -Wshorten-64-to-32  -fstrict-aliasing  -Wno-deprecated-declarations  -Wstrict-aliasing  -Wthread-safety  -isysroot /Library/Developer/CommandLineTools/SDKs/MacOSX10.14.sdk   -o CMakeFiles/cmTC_7fdd3.dir/CheckSymbolExists.cxx.o -c /Users/liyinbin/github/gottingen/abel/build/CMakeFiles/CMakeTmp/CheckSymbolExists.cxx
Linking CXX executable cmTC_7fdd3
/usr/local/bin/cmake -E cmake_link_script CMakeFiles/cmTC_7fdd3.dir/link.txt --verbose=1
/Library/Developer/CommandLineTools/usr/bin/c++  -W3 -Wno-c++98-compat-pedantic -Wno-conversion -Wno-covered-switch-default -Wno-deprecated -Wno-deprecated-declarations -Wno-disabled-macro-expansion -Wno-double-promotion -Wno-comma -Wno-extra-semi -Wno-extra-semi-stmt -Wno-packed -Wno-padded -Wno-sign-compare -Wno-float-conversion -Wno-float-equal -Wno-format-nonliteral -Wno-gcc-compat -Wno-global-constructors -Wno-exit-time-destructors -Wno-non-modular-include-in-module -Wno-old-style-cast -Wno-range-loop-analysis -Wno-reserved-id-macro -Wno-shorten-64-to-32 -Wno-switch-enum -Wno-thread-safety-negative -Wno-unknown-warning-option -Wno-unreachable-code -Wno-unused-macros -Wno-weak-vtables -Wno-zero-as-null-pointer-constant -Wbitfield-enum-conversion -Wbool-conversion -Wconstant-conversion -Wenum-conversion -Wint-conversion -Wliteral-conversion -Wnon-literal-null-conversion -Wnull-conversion -Wobjc-literal-conversion -Wno-sign-conversion -Wstring-conversion -DNOMINMAX -DWIN32_LEAN_AND_MEAN -D_CRT_SECURE_NO_WARNINGS -D_SCL_SECURE_NO_WARNINGS -D_ENABLE_EXTENDED_ALIGNED_STORAGE -std=c++11 -stdlib=libc++  -std=c++11  -Wall  -Wextra  -Wshadow  -pedantic  -pedantic-errors  -Wshorten-64-to-32  -fstrict-aliasing  -Wno-deprecated-declarations  -Wstrict-aliasing  -Wthread-safety  -isysroot /Library/Developer/CommandLineTools/SDKs/MacOSX10.14.sdk -Wl,-search_paths_first -Wl,-headerpad_max_install_names   CMakeFiles/cmTC_7fdd3.dir/CheckSymbolExists.cxx.o  -o cmTC_7fdd3 

File /Users/liyinbin/github/gottingen/abel/build/CMakeFiles/CMakeTmp/CheckSymbolExists.cxx:
/* */
#include <pthread.h>

int main(int argc, char** argv)
{
  (void)argv;
#ifndef pthread_create
  return ((int*)(&pthread_create))[argc];
#else
  (void)argc;
  return 0;
#endif
}

Compiling the C compiler identification source file "CMakeCCompilerId.c" succeeded.
Compiler: /Library/Developer/CommandLineTools/usr/bin/cc 
Build flags: 
Id flags:  

The output was:
0


Compilation of the C compiler identification source "CMakeCCompilerId.c" produced "a.out"

The C compiler identification is AppleClang, found in "/Users/liyinbin/github/gottingen/abel/build/CMakeFiles/3.12.3/CompilerIdC/a.out"

Determining if the C compiler works passed with the following output:
Change Dir: /Users/liyinbin/github/gottingen/abel/build/CMakeFiles/CMakeTmp

Run Build Command:"/usr/bin/make" "cmTC_dd9e2/fast"
/Library/Developer/CommandLineTools/usr/bin/make -f CMakeFiles/cmTC_dd9e2.dir/build.make CMakeFiles/cmTC_dd9e2.dir/build
Building C object CMakeFiles/cmTC_dd9e2.dir/testCCompiler.c.o
/Library/Developer/CommandLineTools/usr/bin/cc   -isysroot /Library/Developer/CommandLineTools/SDKs/MacOSX10.14.sdk   -o CMakeFiles/cmTC_dd9e2.dir/testCCompiler.c.o   -c /Users/liyinbin/github/gottingen/abel/build/CMakeFiles/CMakeTmp/testCCompiler.c
Linking C executable cmTC_dd9e2
/usr/local/bin/cmake -E cmake_link_script CMakeFiles/cmTC_dd9e2.dir/link.txt --verbose=1
/Library/Developer/CommandLineTools/usr/bin/cc   -isysroot /Library/Developer/CommandLineTools/SDKs/MacOSX10.14.sdk -Wl,-search_paths_first -Wl,-headerpad_max_install_names   CMakeFiles/cmTC_dd9e2.dir/testCCompiler.c.o  -o cmTC_dd9e2 


Detecting C compiler ABI info compiled with the following output:
Change Dir: /Users/liyinbin/github/gottingen/abel/build/CMakeFiles/CMakeTmp

Run Build Command:"/usr/bin/make" "cmTC_e1598/fast"
/Library/Developer/CommandLineTools/usr/bin/make -f CMakeFiles/cmTC_e1598.dir/build.make CMakeFiles/cmTC_e1598.dir/build
Building C object CMakeFiles/cmTC_e1598.dir/CMakeCCompilerABI.c.o
/Library/Developer/CommandLineTools/usr/bin/cc   -isysroot /Library/Developer/CommandLineTools/SDKs/MacOSX10.14.sdk   -o CMakeFiles/cmTC_e1598.dir/CMakeCCompilerABI.c.o   -c /usr/local/share/cmake-3.12/Modules/CMakeCCompilerABI.c
Linking C executable cmTC_e1598
/usr/local/bin/cmake -E cmake_link_script CMakeFiles/cmTC_e1598.dir/link.txt --verbose=1
/Library/Developer/CommandLineTools/usr/bin/cc   -isysroot /Library/Developer/CommandLineTools/SDKs/MacOSX10.14.sdk -Wl,-search_paths_first -Wl,-headerpad_max_install_names  -v -Wl,-v CMakeFiles/cmTC_e1598.dir/CMakeCCompilerABI.c.o  -o cmTC_e1598 
Apple LLVM version 10.0.1 (clang-1001.0.46.4)
Target: x86_64-apple-darwin18.6.0
Thread model: posix
InstalledDir: /Library/Developer/CommandLineTools/usr/bin
 "/Library/Developer/CommandLineTools/usr/bin/ld" -demangle -lto_library /Library/Developer/CommandLineTools/usr/lib/libLTO.dylib -dynamic -arch x86_64 -macosx_version_min 10.14.0 -syslibroot /Library/Developer/CommandLineTools/SDKs/MacOSX10.14.sdk -o cmTC_e1598 -search_paths_first -headerpad_max_install_names -v CMakeFiles/cmTC_e1598.dir/CMakeCCompilerABI.c.o -lSystem /Library/Developer/CommandLineTools/usr/lib/clang/10.0.1/lib/darwin/libclang_rt.osx.a
@(#)PROGRAM:ld  PROJECT:ld64-450.3
BUILD 18:16:53 Apr  5 2019
configured to support archs: armv6 armv7 armv7s arm64 arm64e arm64_32 i386 x86_64 x86_64h armv6m armv7k armv7m armv7em
Library search paths:
	/Library/Developer/CommandLineTools/SDKs/MacOSX10.14.sdk/usr/lib
Framework search paths:
	/Library/Developer/CommandLineTools/SDKs/MacOSX10.14.sdk/System/Library/Frameworks/


Parsed C implicit link information from above output:
  link line regex: [^( *|.*[/\])(ld|CMAKE_LINK_STARTFILE-NOTFOUND|([^/\]+-)?ld|collect2)[^/\]*( |$)]
  ignore line: [Change Dir: /Users/liyinbin/github/gottingen/abel/build/CMakeFiles/CMakeTmp]
  ignore line: []
  ignore line: [Run Build Command:"/usr/bin/make" "cmTC_e1598/fast"]
  ignore line: [/Library/Developer/CommandLineTools/usr/bin/make -f CMakeFiles/cmTC_e1598.dir/build.make CMakeFiles/cmTC_e1598.dir/build]
  ignore line: [Building C object CMakeFiles/cmTC_e1598.dir/CMakeCCompilerABI.c.o]
  ignore line: [/Library/Developer/CommandLineTools/usr/bin/cc   -isysroot /Library/Developer/CommandLineTools/SDKs/MacOSX10.14.sdk   -o CMakeFiles/cmTC_e1598.dir/CMakeCCompilerABI.c.o   -c /usr/local/share/cmake-3.12/Modules/CMakeCCompilerABI.c]
  ignore line: [Linking C executable cmTC_e1598]
  ignore line: [/usr/local/bin/cmake -E cmake_link_script CMakeFiles/cmTC_e1598.dir/link.txt --verbose=1]
  ignore line: [/Library/Developer/CommandLineTools/usr/bin/cc   -isysroot /Library/Developer/CommandLineTools/SDKs/MacOSX10.14.sdk -Wl,-search_paths_first -Wl,-headerpad_max_install_names  -v -Wl,-v CMakeFiles/cmTC_e1598.dir/CMakeCCompilerABI.c.o  -o cmTC_e1598 ]
  ignore line: [Apple LLVM version 10.0.1 (clang-1001.0.46.4)]
  ignore line: [Target: x86_64-apple-darwin18.6.0]
  ignore line: [Thread model: posix]
  ignore line: [InstalledDir: /Library/Developer/CommandLineTools/usr/bin]
  link line: [ "/Library/Developer/CommandLineTools/usr/bin/ld" -demangle -lto_library /Library/Developer/CommandLineTools/usr/lib/libLTO.dylib -dynamic -arch x86_64 -macosx_version_min 10.14.0 -syslibroot /Library/Developer/CommandLineTools/SDKs/MacOSX10.14.sdk -o cmTC_e1598 -search_paths_first -headerpad_max_install_names -v CMakeFiles/cmTC_e1598.dir/CMakeCCompilerABI.c.o -lSystem /Library/Developer/CommandLineTools/usr/lib/clang/10.0.1/lib/darwin/libclang_rt.osx.a]
    arg [/Library/Developer/CommandLineTools/usr/bin/ld] ==> ignore
    arg [-demangle] ==> ignore
    arg [-lto_library] ==> ignore, skip following value
    arg [/Library/Developer/CommandLineTools/usr/lib/libLTO.dylib] ==> skip value of -lto_library
    arg [-dynamic] ==> ignore
    arg [-arch] ==> ignore
    arg [x86_64] ==> ignore
    arg [-macosx_version_min] ==> ignore
    arg [10.14.0] ==> ignore
    arg [-syslibroot] ==> ignore
    arg [/Library/Developer/CommandLineTools/SDKs/MacOSX10.14.sdk] ==> ignore
    arg [-o] ==> ignore
    arg [cmTC_e1598] ==> ignore
    arg [-search_paths_first] ==> ignore
    arg [-headerpad_max_install_names] ==> ignore
    arg [-v] ==> ignore
    arg [CMakeFiles/cmTC_e1598.dir/CMakeCCompilerABI.c.o] ==> ignore
    arg [-lSystem] ==> lib [System]
    arg [/Library/Developer/CommandLineTools/usr/lib/clang/10.0.1/lib/darwin/libclang_rt.osx.a] ==> lib [/Library/Developer/CommandLineTools/usr/lib/clang/10.0.1/lib/darwin/libclang_rt.osx.a]
  Library search paths: [;/Library/Developer/CommandLineTools/SDKs/MacOSX10.14.sdk/usr/lib]
  Framework search paths: [;/Library/Developer/CommandLineTools/SDKs/MacOSX10.14.sdk/System/Library/Frameworks/]
  remove lib [System]
  remove lib [/Library/Developer/CommandLineTools/usr/lib/clang/10.0.1/lib/darwin/libclang_rt.osx.a]
  collapse library dir [/Library/Developer/CommandLineTools/SDKs/MacOSX10.14.sdk/usr/lib] ==> [/Library/Developer/CommandLineTools/SDKs/MacOSX10.14.sdk/usr/lib]
  collapse framework dir [/Library/Developer/CommandLineTools/SDKs/MacOSX10.14.sdk/System/Library/Frameworks/] ==> [/Library/Developer/CommandLineTools/SDKs/MacOSX10.14.sdk/System/Library/Frameworks]
  implicit libs: []
  implicit dirs: [/Library/Developer/CommandLineTools/SDKs/MacOSX10.14.sdk/usr/lib]
  implicit fwks: [/Library/Developer/CommandLineTools/SDKs/MacOSX10.14.sdk/System/Library/Frameworks]




Detecting C [-std=c11] compiler features compiled with the following output:
Change Dir: /Users/liyinbin/github/gottingen/abel/build/CMakeFiles/CMakeTmp

Run Build Command:"/usr/bin/make" "cmTC_abaaa/fast"
/Library/Developer/CommandLineTools/usr/bin/make -f CMakeFiles/cmTC_abaaa.dir/build.make CMakeFiles/cmTC_abaaa.dir/build
Building C object CMakeFiles/cmTC_abaaa.dir/feature_tests.c.o
/Library/Developer/CommandLineTools/usr/bin/cc   -isysroot /Library/Developer/CommandLineTools/SDKs/MacOSX10.14.sdk   -std=c11 -o CMakeFiles/cmTC_abaaa.dir/feature_tests.c.o   -c /Users/liyinbin/github/gottingen/abel/build/CMakeFiles/feature_tests.c
Linking C executable cmTC_abaaa
/usr/local/bin/cmake -E cmake_link_script CMakeFiles/cmTC_abaaa.dir/link.txt --verbose=1
/Library/Developer/CommandLineTools/usr/bin/cc   -isysroot /Library/Developer/CommandLineTools/SDKs/MacOSX10.14.sdk -Wl,-search_paths_first -Wl,-headerpad_max_install_names   CMakeFiles/cmTC_abaaa.dir/feature_tests.c.o  -o cmTC_abaaa 


    Feature record: C_FEATURE:1c_function_prototypes
    Feature record: C_FEATURE:1c_restrict
    Feature record: C_FEATURE:1c_static_assert
    Feature record: C_FEATURE:1c_variadic_macros


Detecting C [-std=c99] compiler features compiled with the following output:
Change Dir: /Users/liyinbin/github/gottingen/abel/build/CMakeFiles/CMakeTmp

Run Build Command:"/usr/bin/make" "cmTC_cddc2/fast"
/Library/Developer/CommandLineTools/usr/bin/make -f CMakeFiles/cmTC_cddc2.dir/build.make CMakeFiles/cmTC_cddc2.dir/build
Building C object CMakeFiles/cmTC_cddc2.dir/feature_tests.c.o
/Library/Developer/CommandLineTools/usr/bin/cc   -isysroot /Library/Developer/CommandLineTools/SDKs/MacOSX10.14.sdk   -std=c99 -o CMakeFiles/cmTC_cddc2.dir/feature_tests.c.o   -c /Users/liyinbin/github/gottingen/abel/build/CMakeFiles/feature_tests.c
Linking C executable cmTC_cddc2
/usr/local/bin/cmake -E cmake_link_script CMakeFiles/cmTC_cddc2.dir/link.txt --verbose=1
/Library/Developer/CommandLineTools/usr/bin/cc   -isysroot /Library/Developer/CommandLineTools/SDKs/MacOSX10.14.sdk -Wl,-search_paths_first -Wl,-headerpad_max_install_names   CMakeFiles/cmTC_cddc2.dir/feature_tests.c.o  -o cmTC_cddc2 


    Feature record: C_FEATURE:1c_function_prototypes
    Feature record: C_FEATURE:1c_restrict
    Feature record: C_FEATURE:0c_static_assert
    Feature record: C_FEATURE:1c_variadic_macros


Detecting C [-std=c90] compiler features compiled with the following output:
Change Dir: /Users/liyinbin/github/gottingen/abel/build/CMakeFiles/CMakeTmp

Run Build Command:"/usr/bin/make" "cmTC_a0c60/fast"
/Library/Developer/CommandLineTools/usr/bin/make -f CMakeFiles/cmTC_a0c60.dir/build.make CMakeFiles/cmTC_a0c60.dir/build
Building C object CMakeFiles/cmTC_a0c60.dir/feature_tests.c.o
/Library/Developer/CommandLineTools/usr/bin/cc   -isysroot /Library/Developer/CommandLineTools/SDKs/MacOSX10.14.sdk   -std=c90 -o CMakeFiles/cmTC_a0c60.dir/feature_tests.c.o   -c /Users/liyinbin/github/gottingen/abel/build/CMakeFiles/feature_tests.c
Linking C executable cmTC_a0c60
/usr/local/bin/cmake -E cmake_link_script CMakeFiles/cmTC_a0c60.dir/link.txt --verbose=1
/Library/Developer/CommandLineTools/usr/bin/cc   -isysroot /Library/Developer/CommandLineTools/SDKs/MacOSX10.14.sdk -Wl,-search_paths_first -Wl,-headerpad_max_install_names   CMakeFiles/cmTC_a0c60.dir/feature_tests.c.o  -o cmTC_a0c60 


    Feature record: C_FEATURE:1c_function_prototypes
    Feature record: C_FEATURE:0c_restrict
    Feature record: C_FEATURE:0c_static_assert
    Feature record: C_FEATURE:0c_variadic_macros
